[16:32:49] Transação aberta
[16:32:49] Conta 989 (frotas) -> pedido 1458
[16:32:49] IGNORADO (não existe): F:\wamp64\www\gestaofrotas\GestaoFrotas\app\documentos\redes\1246\690113a24206f_23109.pdf
[16:32:49] IGNORADO (não existe): F:\wamp64\www\gestaofrotas\GestaoFrotas\app\documentos\redes\1247\690114e1b945e_1.jpeg
[16:32:49] IGNORADO (não existe): F:\wamp64\www\gestaofrotas\GestaoFrotas\app\documentos\redes\1248\690114ed890a3_2.jpeg
[16:32:49] Conta 937 (frotas) -> pedido 1403
[16:32:49] IGNORADO (não existe): F:\wamp64\www\gestaofrotas\GestaoFrotas\app\documentos\redes\1149\68fb9e7a369da_nfse_000190.pdf
[16:32:49] IGNORADO (não existe): F:\wamp64\www\gestaofrotas\GestaoFrotas\app\documentos\redes\1150\68fb9e8637319_danfe_000000173.pdf
[16:32:49] IGNORADO (não existe): F:\wamp64\www\gestaofrotas\GestaoFrotas\app\documentos\redes\1151\68fba04284652_whatsapp_image_2025_10_24_at_11.44.19_1.jpeg
[16:32:49] IGNORADO (não existe): F:\wamp64\www\gestaofrotas\GestaoFrotas\app\documentos\redes\1152\68fba047e5c12_whatsapp_image_2025_10_24_at_11.44.19_2.jpeg
[16:32:49] IGNORADO (não existe): F:\wamp64\www\gestaofrotas\GestaoFrotas\app\documentos\redes\1153\68fba04d1ea67_whatsapp_image_2025_10_24_at_11.44.19.jpeg
[16:32:49] IGNORADO (não existe): F:\wamp64\www\gestaofrotas\GestaoFrotas\app\documentos\redes\1154\68fba0527e297_whatsapp_image_2025_10_24_at_11.44.39.jpeg
[16:32:49] IGNORADO (não existe): F:\wamp64\www\gestaofrotas\GestaoFrotas\app\documentos\redes\1155\68fba057c7d56_whatsapp_image_2025_10_23_at_23.36.39.jpeg
[16:32:49] IGNORADO (não existe): F:\wamp64\www\gestaofrotas\GestaoFrotas\app\documentos\redes\1156\68fba05d90075_whatsapp_image_2025_10_23_at_23.36.38_3.jpeg
[16:32:49] IGNORADO (não existe): F:\wamp64\www\gestaofrotas\GestaoFrotas\app\documentos\redes\1157\68fba0638731d_whatsapp_image_2025_10_23_at_23.36.38_2.jpeg
[16:32:49] IGNORADO (não existe): F:\wamp64\www\gestaofrotas\GestaoFrotas\app\documentos\redes\1158\68fba0696ef8b_whatsapp_image_2025_10_23_at_23.36.38_1.jpeg
[16:32:49] IGNORADO (não existe): F:\wamp64\www\gestaofrotas\GestaoFrotas\app\documentos\redes\1159\68fba076749a1_whatsapp_image_2025_10_23_at_23.36.38.jpeg
[16:32:49] IGNORADO (não existe): F:\wamp64\www\gestaofrotas\GestaoFrotas\app\documentos\redes\1160\68fba0fed13fa_whatsapp_image_2025_10_23_at_23.36.37_3.jpeg
[16:32:49] IGNORADO (não existe): F:\wamp64\www\gestaofrotas\GestaoFrotas\app\documentos\redes\1161\68fba10a75f3b_whatsapp_image_2025_10_23_at_23.36.37_2.jpeg
[16:32:49] IGNORADO (não existe): F:\wamp64\www\gestaofrotas\GestaoFrotas\app\documentos\redes\1162\68fba124e3625_whatsapp_image_2025_10_23_at_23.36.37_1.jpeg
[16:32:49] IGNORADO (não existe): F:\wamp64\www\gestaofrotas\GestaoFrotas\app\documentos\redes\1163\68fba12e0f96c_whatsapp_image_2025_10_23_at_23.36.37.jpeg
[16:32:49] IGNORADO (não existe): F:\wamp64\www\gestaofrotas\GestaoFrotas\app\documentos\redes\1164\68fba14169870_whatsapp_image_2025_10_23_at_23.36.36_2.jpeg
[16:32:49] IGNORADO (não existe): F:\wamp64\www\gestaofrotas\GestaoFrotas\app\documentos\redes\1165\68fba1496f710_whatsapp_image_2025_10_23_at_23.36.36_1.jpeg
[16:32:49] IGNORADO (não existe): F:\wamp64\www\gestaofrotas\GestaoFrotas\app\documentos\redes\1166\68fba155ba8c0_whatsapp_image_2025_10_23_at_23.36.36.jpeg
[16:32:49] IGNORADO (não existe): F:\wamp64\www\gestaofrotas\GestaoFrotas\app\documentos\redes\1167\68fba15e2c4d9_whatsapp_image_2025_10_23_at_23.36.35_3.jpeg
[16:32:49] IGNORADO (não existe): F:\wamp64\www\gestaofrotas\GestaoFrotas\app\documentos\redes\1168\68fba16eac67f_whatsapp_image_2025_10_23_at_23.36.35_2.jpeg
[16:32:49] IGNORADO (não existe): F:\wamp64\www\gestaofrotas\GestaoFrotas\app\documentos\redes\1169\68fba1777bf86_whatsapp_image_2025_10_23_at_23.36.35_1.jpeg
[16:32:49] IGNORADO (não existe): F:\wamp64\www\gestaofrotas\GestaoFrotas\app\documentos\redes\1170\68fba1b67cacd_whatsapp_image_2025_10_23_at_23.36.35.jpeg
[16:32:49] IGNORADO (não existe): F:\wamp64\www\gestaofrotas\GestaoFrotas\app\documentos\redes\1171\68fba1cdc190e_whatsapp_image_2025_10_23_at_23.36.34_3.jpeg
[16:32:49] IGNORADO (não existe): F:\wamp64\www\gestaofrotas\GestaoFrotas\app\documentos\redes\1172\68fba1d5d2a23_whatsapp_image_2025_10_23_at_23.36.34_2.jpeg
[16:32:49] IGNORADO (não existe): F:\wamp64\www\gestaofrotas\GestaoFrotas\app\documentos\redes\1173\68fba1df3af19_whatsapp_image_2025_10_23_at_23.36.34_1.jpeg
[16:32:49] IGNORADO (não existe): F:\wamp64\www\gestaofrotas\GestaoFrotas\app\documentos\redes\1174\68fba1e920b5d_whatsapp_image_2025_10_23_at_23.36.33.jpeg
[16:32:49] IGNORADO (não existe): F:\wamp64\www\gestaofrotas\GestaoFrotas\app\documentos\redes\1175\68fba1f0e09db_whatsapp_image_2025_10_23_at_23.35.58.jpeg
[16:32:49] IGNORADO (não existe): F:\wamp64\www\gestaofrotas\GestaoFrotas\app\documentos\redes\1176\68fba1fa94b9c_whatsapp_image_2025_10_23_at_23.35.58_1.jpeg
[16:32:49] IGNORADO (não existe): F:\wamp64\www\gestaofrotas\GestaoFrotas\app\documentos\redes\1177\68fba2072960c_captura_de_tela_2025_10_09_080740.png
[16:32:49] Conta 980 (frotas) -> pedido 1433
[16:32:49] IGNORADO (não existe): F:\wamp64\www\gestaofrotas\GestaoFrotas\app\documentos\redes\1104\68faf773844f7_whatsapp_image_2025_10_23_at_23.38.59_1.jpeg
[16:32:49] IGNORADO (não existe): F:\wamp64\www\gestaofrotas\GestaoFrotas\app\documentos\redes\1105\68faf77857c89_whatsapp_image_2025_10_23_at_23.38.59.jpeg
[16:32:49] IGNORADO (não existe): F:\wamp64\www\gestaofrotas\GestaoFrotas\app\documentos\redes\1106\68faf77dd7acc_whatsapp_image_2025_10_23_at_23.38.58_3.jpeg
[16:32:49] IGNORADO (não existe): F:\wamp64\www\gestaofrotas\GestaoFrotas\app\documentos\redes\1107\68faf784b82af_whatsapp_image_2025_10_23_at_23.38.58_2.jpeg
[16:32:49] IGNORADO (não existe): F:\wamp64\www\gestaofrotas\GestaoFrotas\app\documentos\redes\1108\68faf78cf1f93_whatsapp_image_2025_10_23_at_23.38.58_1.jpeg
[16:32:49] IGNORADO (não existe): F:\wamp64\www\gestaofrotas\GestaoFrotas\app\documentos\redes\1109\68faf794353c0_whatsapp_image_2025_10_23_at_23.38.58.jpeg
[16:32:49] IGNORADO (não existe): F:\wamp64\www\gestaofrotas\GestaoFrotas\app\documentos\redes\1110\68faf79d6443d_whatsapp_image_2025_10_23_at_23.38.57_1.jpeg
[16:32:49] IGNORADO (não existe): F:\wamp64\www\gestaofrotas\GestaoFrotas\app\documentos\redes\1111\68faf7acde687_whatsapp_image_2025_10_23_at_23.38.57_3.jpeg
[16:32:49] IGNORADO (não existe): F:\wamp64\www\gestaofrotas\GestaoFrotas\app\documentos\redes\1112\68faf7b2b9548_whatsapp_image_2025_10_23_at_23.38.57_2.jpeg
[16:32:49] IGNORADO (não existe): F:\wamp64\www\gestaofrotas\GestaoFrotas\app\documentos\redes\1113\68faf7b82dc07_whatsapp_image_2025_10_23_at_23.38.57.jpeg
[16:32:49] IGNORADO (não existe): F:\wamp64\www\gestaofrotas\GestaoFrotas\app\documentos\redes\1114\68faf7d3e311b_whatsapp_image_2025_10_23_at_23.38.54.jpeg
[16:32:49] IGNORADO (não existe): F:\wamp64\www\gestaofrotas\GestaoFrotas\app\documentos\redes\1115\68faf7dc0c681_whatsapp_image_2025_10_23_at_23.38.55.jpeg
[16:32:49] IGNORADO (não existe): F:\wamp64\www\gestaofrotas\GestaoFrotas\app\documentos\redes\1116\68faf7e5053cc_whatsapp_image_2025_10_23_at_23.38.56.jpeg
[16:32:49] IGNORADO (não existe): F:\wamp64\www\gestaofrotas\GestaoFrotas\app\documentos\redes\1117\68faf7ed7a205_whatsapp_image_2025_10_23_at_23.38.56_1.jpeg
[16:32:49] IGNORADO (não existe): F:\wamp64\www\gestaofrotas\GestaoFrotas\app\documentos\redes\1118\68faf7f5c48d8_whatsapp_image_2025_10_23_at_23.38.56_2.jpeg
[16:32:49] IGNORADO (não existe): F:\wamp64\www\gestaofrotas\GestaoFrotas\app\documentos\redes\1119\68faf808ebd22_captura_de_tela_2025_10_09_080740.png
[16:32:49] IGNORADO (não existe): F:\wamp64\www\gestaofrotas\GestaoFrotas\app\documentos\redes\1120\68faf82df245a_nfse_000187.pdf
[16:32:49] IGNORADO (não existe): F:\wamp64\www\gestaofrotas\GestaoFrotas\app\documentos\redes\1121\68faf83631018_danfe_000000170.pdf
[16:32:49] Conta 1006 (frotas) -> pedido 1504
[16:32:49] IGNORADO (não existe): F:\wamp64\www\gestaofrotas\GestaoFrotas\app\documentos\redes\1284\69022b3829248_captura_de_tela_2025_10_09_080740.png
[16:32:49] IGNORADO (não existe): F:\wamp64\www\gestaofrotas\GestaoFrotas\app\documentos\redes\1285\69022b50f05e5_danfe_000000180.pdf
[16:32:49] IGNORADO (não existe): F:\wamp64\www\gestaofrotas\GestaoFrotas\app\documentos\redes\1286\69022b5b35688_nfse_000196.pdf
[16:32:49] IGNORADO (não existe): F:\wamp64\www\gestaofrotas\GestaoFrotas\app\documentos\redes\1287\69022b6d59287_whatsapp_image_2025_10_29_at_10.52.15.jpeg
[16:32:49] IGNORADO (não existe): F:\wamp64\www\gestaofrotas\GestaoFrotas\app\documentos\redes\1288\69022b7baf96c_whatsapp_image_2025_10_29_at_10.52.14.jpeg
[16:32:49] IGNORADO (não existe): F:\wamp64\www\gestaofrotas\GestaoFrotas\app\documentos\redes\1289\69022b82b8a95_whatsapp_image_2025_10_29_at_10.52.08_2.jpeg
[16:32:50] IGNORADO (não existe): F:\wamp64\www\gestaofrotas\GestaoFrotas\app\documentos\redes\1290\69022b897d08c_whatsapp_image_2025_10_29_at_10.52.09_1.jpeg
[16:32:50] IGNORADO (não existe): F:\wamp64\www\gestaofrotas\GestaoFrotas\app\documentos\redes\1291\69022b94a4c99_whatsapp_image_2025_10_29_at_10.52.09_3.jpeg
[16:32:50] IGNORADO (não existe): F:\wamp64\www\gestaofrotas\GestaoFrotas\app\documentos\redes\1292\69022ba5bdcda_whatsapp_image_2025_10_29_at_10.52.10_1.jpeg
[16:32:50] IGNORADO (não existe): F:\wamp64\www\gestaofrotas\GestaoFrotas\app\documentos\redes\1293\69022bad544e0_whatsapp_image_2025_10_29_at_10.52.10_3.jpeg
[16:32:50] IGNORADO (não existe): F:\wamp64\www\gestaofrotas\GestaoFrotas\app\documentos\redes\1294\69022bb46e119_whatsapp_image_2025_10_29_at_10.52.10.jpeg
[16:32:50] IGNORADO (não existe): F:\wamp64\www\gestaofrotas\GestaoFrotas\app\documentos\redes\1295\69022bbba6a92_whatsapp_image_2025_10_29_at_10.52.11_2.jpeg
[16:32:50] IGNORADO (não existe): F:\wamp64\www\gestaofrotas\GestaoFrotas\app\documentos\redes\1296\69022bc4d802b_whatsapp_image_2025_10_29_at_10.52.11.jpeg
[16:32:50] IGNORADO (não existe): F:\wamp64\www\gestaofrotas\GestaoFrotas\app\documentos\redes\1297\69022bce7be22_whatsapp_image_2025_10_29_at_10.52.12_2.jpeg
[16:32:50] IGNORADO (não existe): F:\wamp64\www\gestaofrotas\GestaoFrotas\app\documentos\redes\1298\69022bda68e87_whatsapp_image_2025_10_29_at_10.52.12.jpeg
[16:32:50] IGNORADO (não existe): F:\wamp64\www\gestaofrotas\GestaoFrotas\app\documentos\redes\1299\69022be52558c_whatsapp_image_2025_10_29_at_10.52.13_2.jpeg
[16:32:50] IGNORADO (não existe): F:\wamp64\www\gestaofrotas\GestaoFrotas\app\documentos\redes\1300\69022beddf27b_whatsapp_image_2025_10_29_at_10.52.14_1.jpeg
[16:32:50] IGNORADO (não existe): F:\wamp64\www\gestaofrotas\GestaoFrotas\app\documentos\redes\1301\69022bf554165_whatsapp_image_2025_10_29_at_10.52.08_1.jpeg
[16:32:50] IGNORADO (não existe): F:\wamp64\www\gestaofrotas\GestaoFrotas\app\documentos\redes\1302\69022c0312c53_whatsapp_image_2025_10_29_at_10.52.08.jpeg
[16:32:50] IGNORADO (não existe): F:\wamp64\www\gestaofrotas\GestaoFrotas\app\documentos\redes\1303\69022c0a4627d_whatsapp_image_2025_10_29_at_10.52.09_2.jpeg
[16:32:50] IGNORADO (não existe): F:\wamp64\www\gestaofrotas\GestaoFrotas\app\documentos\redes\1304\69022c14b0e97_whatsapp_image_2025_10_29_at_10.52.09.jpeg
[16:32:50] IGNORADO (não existe): F:\wamp64\www\gestaofrotas\GestaoFrotas\app\documentos\redes\1305\69022c1c5af1e_whatsapp_image_2025_10_29_at_10.52.10_2.jpeg
[16:32:50] IGNORADO (não existe): F:\wamp64\www\gestaofrotas\GestaoFrotas\app\documentos\redes\1306\69022c2428713_whatsapp_image_2025_10_29_at_10.52.10_4.jpeg
[16:32:50] IGNORADO (não existe): F:\wamp64\www\gestaofrotas\GestaoFrotas\app\documentos\redes\1307\69022c2b2e8fc_whatsapp_image_2025_10_29_at_10.52.11_1.jpeg
[16:32:50] IGNORADO (não existe): F:\wamp64\www\gestaofrotas\GestaoFrotas\app\documentos\redes\1308\69022c395c77c_whatsapp_image_2025_10_29_at_10.52.12_3.jpeg
[16:32:50] IGNORADO (não existe): F:\wamp64\www\gestaofrotas\GestaoFrotas\app\documentos\redes\1309\69022c420889f_whatsapp_image_2025_10_29_at_10.52.12_3.jpeg
[16:32:50] IGNORADO (não existe): F:\wamp64\www\gestaofrotas\GestaoFrotas\app\documentos\redes\1310\69022c4cc7c27_whatsapp_image_2025_10_29_at_10.52.13_1.jpeg
[16:32:50] IGNORADO (não existe): F:\wamp64\www\gestaofrotas\GestaoFrotas\app\documentos\redes\1311\69022c5b825d5_whatsapp_image_2025_10_29_at_10.52.13.jpeg
[16:32:50] IGNORADO (não existe): F:\wamp64\www\gestaofrotas\GestaoFrotas\app\documentos\redes\1312\69022c65071e8_whatsapp_image_2025_10_29_at_10.52.14_2.jpeg
[16:32:50] IGNORADO (não existe): F:\wamp64\www\gestaofrotas\GestaoFrotas\app\documentos\redes\1313\69022ccb3247e_whatsapp_image_2025_10_29_at_11.03.06.jpeg
[16:32:50] Conta 978 (frotas) -> pedido 1399
[16:32:50] IGNORADO (não existe): F:\wamp64\www\gestaofrotas\GestaoFrotas\app\documentos\redes\1100\68faf3c7caf09_danfe_000000169.pdf
[16:32:50] IGNORADO (não existe): F:\wamp64\www\gestaofrotas\GestaoFrotas\app\documentos\redes\1101\68faf3e00a30c_whatsapp_image_2025_10_23_at_08.01.06.jpeg
[16:32:50] IGNORADO (não existe): F:\wamp64\www\gestaofrotas\GestaoFrotas\app\documentos\redes\1102\68faf3e5c5d79_whatsapp_image_2025_10_23_at_08.01.07_1.jpeg
[16:32:50] IGNORADO (não existe): F:\wamp64\www\gestaofrotas\GestaoFrotas\app\documentos\redes\1103\68faf3ece7d6b_whatsapp_image_2025_10_23_at_08.01.07.jpeg
[16:32:50] Conta 1083 (frotas) -> pedido 1396
[16:32:50] IGNORADO (não existe): F:\wamp64\www\gestaofrotas\GestaoFrotas\app\documentos\redes\1473\6904afc170787_nf.pdf
[16:32:50] IGNORADO (não existe): F:\wamp64\www\gestaofrotas\GestaoFrotas\app\documentos\redes\1474\6904afcdb5237_1104_concluido.pdf
[16:32:50] IGNORADO (não existe): F:\wamp64\www\gestaofrotas\GestaoFrotas\app\documentos\redes\1475\6904affaeb186_whatsapp_image_2025_10_31_at_09.41.36_2.jpeg
[16:32:50] IGNORADO (não existe): F:\wamp64\www\gestaofrotas\GestaoFrotas\app\documentos\redes\1476\6904b0040115c_whatsapp_image_2025_10_31_at_09.41.36_1.jpeg
[16:32:50] IGNORADO (não existe): F:\wamp64\www\gestaofrotas\GestaoFrotas\app\documentos\redes\1477\6904b00b6697e_whatsapp_image_2025_10_31_at_09.41.36.jpeg
[16:32:50] Conta 981 (frotas) -> pedido 1362
[16:32:50] IGNORADO (não existe): F:\wamp64\www\gestaofrotas\GestaoFrotas\app\documentos\redes\1125\68fb85beea5cf_danfe_000000171.pdf
[16:32:50] IGNORADO (não existe): F:\wamp64\www\gestaofrotas\GestaoFrotas\app\documentos\redes\1126\68fb85ca0f79c_nfse_000188.pdf
[16:32:50] IGNORADO (não existe): F:\wamp64\www\gestaofrotas\GestaoFrotas\app\documentos\redes\1127\68fb85fe26939_whatsapp_image_2025_10_24_at_09.50.20_2.jpeg
[16:32:50] IGNORADO (não existe): F:\wamp64\www\gestaofrotas\GestaoFrotas\app\documentos\redes\1128\68fb860490af3_whatsapp_image_2025_10_24_at_09.50.20_1.jpeg
[16:32:50] IGNORADO (não existe): F:\wamp64\www\gestaofrotas\GestaoFrotas\app\documentos\redes\1129\68fb860b0e9c7_whatsapp_image_2025_10_24_at_09.50.20.jpeg
[16:32:50] IGNORADO (não existe): F:\wamp64\www\gestaofrotas\GestaoFrotas\app\documentos\redes\1130\68fb86140fcde_whatsapp_image_2025_10_24_at_09.50.19_3.jpeg
[16:32:50] IGNORADO (não existe): F:\wamp64\www\gestaofrotas\GestaoFrotas\app\documentos\redes\1131\68fb861aed69c_whatsapp_image_2025_10_24_at_09.50.19_2.jpeg
[16:32:50] IGNORADO (não existe): F:\wamp64\www\gestaofrotas\GestaoFrotas\app\documentos\redes\1132\68fb86214c160_whatsapp_image_2025_10_24_at_09.50.19_1.jpeg
[16:32:50] IGNORADO (não existe): F:\wamp64\www\gestaofrotas\GestaoFrotas\app\documentos\redes\1133\68fb86273023f_whatsapp_image_2025_10_24_at_09.50.19.jpeg
[16:32:50] IGNORADO (não existe): F:\wamp64\www\gestaofrotas\GestaoFrotas\app\documentos\redes\1134\68fb863033ce9_whatsapp_image_2025_10_24_at_09.50.18_2.jpeg
[16:32:50] IGNORADO (não existe): F:\wamp64\www\gestaofrotas\GestaoFrotas\app\documentos\redes\1135\68fb8648a84c4_captura_de_tela_2025_10_09_080740.png
[16:32:50] Conta 922 (frotas) -> pedido 1381
[16:32:50] IGNORADO (não existe): F:\wamp64\www\gestaofrotas\GestaoFrotas\app\documentos\redes\1088\68faf20989ba1_captura_de_tela_2025_10_09_080740.png
[16:32:50] IGNORADO (não existe): F:\wamp64\www\gestaofrotas\GestaoFrotas\app\documentos\redes\1089\68faf25812dc5_whatsapp_image_2025_10_23_at_23.21.16.jpeg
[16:32:50] IGNORADO (não existe): F:\wamp64\www\gestaofrotas\GestaoFrotas\app\documentos\redes\1090\68faf25dab913_whatsapp_image_2025_10_23_at_23.21.17_1.jpeg
[16:32:50] IGNORADO (não existe): F:\wamp64\www\gestaofrotas\GestaoFrotas\app\documentos\redes\1091\68faf26242567_whatsapp_image_2025_10_23_at_23.21.17_2.jpeg
[16:32:50] IGNORADO (não existe): F:\wamp64\www\gestaofrotas\GestaoFrotas\app\documentos\redes\1092\68faf2678cabd_whatsapp_image_2025_10_23_at_23.21.17_3.jpeg
[16:32:50] IGNORADO (não existe): F:\wamp64\www\gestaofrotas\GestaoFrotas\app\documentos\redes\1093\68faf26d59c6a_whatsapp_image_2025_10_23_at_23.21.17.jpeg
[16:32:50] IGNORADO (não existe): F:\wamp64\www\gestaofrotas\GestaoFrotas\app\documentos\redes\1094\68faf272827f1_whatsapp_image_2025_10_23_at_23.21.18_1.jpeg
[16:32:50] IGNORADO (não existe): F:\wamp64\www\gestaofrotas\GestaoFrotas\app\documentos\redes\1095\68faf278b904c_whatsapp_image_2025_10_23_at_23.21.18_2.jpeg
[16:32:50] IGNORADO (não existe): F:\wamp64\www\gestaofrotas\GestaoFrotas\app\documentos\redes\1096\68faf27f3f411_whatsapp_image_2025_10_23_at_23.21.18.jpeg
[16:32:50] IGNORADO (não existe): F:\wamp64\www\gestaofrotas\GestaoFrotas\app\documentos\redes\1097\68faf28460843_whatsapp_image_2025_10_23_at_23.21.19.jpeg
[16:32:50] IGNORADO (não existe): F:\wamp64\www\gestaofrotas\GestaoFrotas\app\documentos\redes\1098\68faf292d4db6_danfe_000000168.pdf
[16:32:50] IGNORADO (não existe): F:\wamp64\www\gestaofrotas\GestaoFrotas\app\documentos\redes\1099\68faf29c208ab_nfse_000186.pdf
[16:32:50] Conta 1077 (frotas) -> pedido 1361
[16:32:50] IGNORADO (não existe): F:\wamp64\www\gestaofrotas\GestaoFrotas\app\documentos\redes\1329\6902572e67938_nf10412.pdf
[16:32:50] IGNORADO (não existe): F:\wamp64\www\gestaofrotas\GestaoFrotas\app\documentos\redes\1330\6902576ad9e25_nf17050.pdf
[16:32:50] Conta 1078 (frotas) -> pedido 1326
[16:32:50] IGNORADO (não existe): F:\wamp64\www\gestaofrotas\GestaoFrotas\app\documentos\redes\1327\690255813c88e_nf17049.pdf
[16:32:50] IGNORADO (não existe): F:\wamp64\www\gestaofrotas\GestaoFrotas\app\documentos\redes\1328\6902558fc9191_nf10413.pdf
[16:32:50] Conta 923 (frotas) -> pedido 1357
[16:32:50] IGNORADO (não existe): F:\wamp64\www\gestaofrotas\GestaoFrotas\app\documentos\redes\1072\68faefaed2d86_danfe_000000167.pdf
[16:32:50] IGNORADO (não existe): F:\wamp64\www\gestaofrotas\GestaoFrotas\app\documentos\redes\1073\68faefb657aac_nfse_000185.pdf
[16:32:50] IGNORADO (não existe): F:\wamp64\www\gestaofrotas\GestaoFrotas\app\documentos\redes\1074\68faefeeb545f_whatsapp_image_2025_10_23_at_23.11.30_2.jpeg
[16:32:50] IGNORADO (não existe): F:\wamp64\www\gestaofrotas\GestaoFrotas\app\documentos\redes\1075\68faeff4a1ed8_whatsapp_image_2025_10_23_at_23.11.30_3.jpeg
[16:32:50] IGNORADO (não existe): F:\wamp64\www\gestaofrotas\GestaoFrotas\app\documentos\redes\1076\68faeff98610b_whatsapp_image_2025_10_23_at_23.11.31_1.jpeg
[16:32:50] IGNORADO (não existe): F:\wamp64\www\gestaofrotas\GestaoFrotas\app\documentos\redes\1077\68faefff253f6_whatsapp_image_2025_10_23_at_23.11.31_2.jpeg
[16:32:50] IGNORADO (não existe): F:\wamp64\www\gestaofrotas\GestaoFrotas\app\documentos\redes\1078\68faf004d9a98_whatsapp_image_2025_10_23_at_23.11.31.jpeg
[16:32:50] IGNORADO (não existe): F:\wamp64\www\gestaofrotas\GestaoFrotas\app\documentos\redes\1079\68faf00acf815_whatsapp_image_2025_10_23_at_23.11.32_1.jpeg
[16:32:50] IGNORADO (não existe): F:\wamp64\www\gestaofrotas\GestaoFrotas\app\documentos\redes\1080\68faf0118e86c_whatsapp_image_2025_10_23_at_23.11.32_2.jpeg
[16:32:50] IGNORADO (não existe): F:\wamp64\www\gestaofrotas\GestaoFrotas\app\documentos\redes\1081\68faf01810436_whatsapp_image_2025_10_23_at_23.11.32_3.jpeg
[16:32:50] IGNORADO (não existe): F:\wamp64\www\gestaofrotas\GestaoFrotas\app\documentos\redes\1082\68faf01dd90dd_whatsapp_image_2025_10_23_at_23.11.32.jpeg
[16:32:50] IGNORADO (não existe): F:\wamp64\www\gestaofrotas\GestaoFrotas\app\documentos\redes\1083\68faf024bb7b4_whatsapp_image_2025_10_23_at_23.11.29_1.jpeg
[16:32:50] IGNORADO (não existe): F:\wamp64\www\gestaofrotas\GestaoFrotas\app\documentos\redes\1084\68faf02b89391_whatsapp_image_2025_10_23_at_23.11.29.jpeg
[16:32:50] IGNORADO (não existe): F:\wamp64\www\gestaofrotas\GestaoFrotas\app\documentos\redes\1085\68faf0313dc13_whatsapp_image_2025_10_23_at_23.11.30_1.jpeg
[16:32:50] IGNORADO (não existe): F:\wamp64\www\gestaofrotas\GestaoFrotas\app\documentos\redes\1086\68faf036b963b_whatsapp_image_2025_10_23_at_23.11.30.jpeg
[16:32:50] IGNORADO (não existe): F:\wamp64\www\gestaofrotas\GestaoFrotas\app\documentos\redes\1087\68faf04787045_captura_de_tela_2025_10_09_080740.png
[16:32:50] Conta 924 (frotas) -> pedido 1315
[16:32:50] IGNORADO (não existe): F:\wamp64\www\gestaofrotas\GestaoFrotas\app\documentos\redes\1055\68faed22a352c_whatsapp_image_2025_10_23_at_22.57.29_1.jpeg
[16:32:50] IGNORADO (não existe): F:\wamp64\www\gestaofrotas\GestaoFrotas\app\documentos\redes\1056\68faed29bbeb4_whatsapp_image_2025_10_23_at_22.57.29.jpeg
[16:32:50] IGNORADO (não existe): F:\wamp64\www\gestaofrotas\GestaoFrotas\app\documentos\redes\1057\68faed30430e8_whatsapp_image_2025_10_23_at_22.57.28_4.jpeg
[16:32:50] IGNORADO (não existe): F:\wamp64\www\gestaofrotas\GestaoFrotas\app\documentos\redes\1058\68faed3598f3f_whatsapp_image_2025_10_23_at_22.57.28_3.jpeg
[16:32:50] IGNORADO (não existe): F:\wamp64\www\gestaofrotas\GestaoFrotas\app\documentos\redes\1059\68faed3bd3cc7_whatsapp_image_2025_10_23_at_22.57.28_2.jpeg
[16:32:50] IGNORADO (não existe): F:\wamp64\www\gestaofrotas\GestaoFrotas\app\documentos\redes\1060\68faed425ce09_whatsapp_image_2025_10_23_at_22.57.28_1.jpeg
[16:32:50] IGNORADO (não existe): F:\wamp64\www\gestaofrotas\GestaoFrotas\app\documentos\redes\1061\68faed493019b_whatsapp_image_2025_10_23_at_22.57.28.jpeg
[16:32:50] IGNORADO (não existe): F:\wamp64\www\gestaofrotas\GestaoFrotas\app\documentos\redes\1062\68faed4f3a5e7_whatsapp_image_2025_10_23_at_22.57.27_3.jpeg
[16:32:50] IGNORADO (não existe): F:\wamp64\www\gestaofrotas\GestaoFrotas\app\documentos\redes\1063\68faed54b448d_whatsapp_image_2025_10_23_at_22.57.27_2.jpeg
[16:32:50] IGNORADO (não existe): F:\wamp64\www\gestaofrotas\GestaoFrotas\app\documentos\redes\1064\68faed5fdc8fa_whatsapp_image_2025_10_23_at_22.57.27_1.jpeg
[16:32:50] IGNORADO (não existe): F:\wamp64\www\gestaofrotas\GestaoFrotas\app\documentos\redes\1065\68faed67c4b34_whatsapp_image_2025_10_23_at_22.57.27.jpeg
[16:32:50] IGNORADO (não existe): F:\wamp64\www\gestaofrotas\GestaoFrotas\app\documentos\redes\1066\68faed6f025e7_whatsapp_image_2025_10_23_at_22.57.26_2.jpeg
[16:32:50] IGNORADO (não existe): F:\wamp64\www\gestaofrotas\GestaoFrotas\app\documentos\redes\1067\68faed769f804_whatsapp_image_2025_10_23_at_22.57.26_1.jpeg
[16:32:50] IGNORADO (não existe): F:\wamp64\www\gestaofrotas\GestaoFrotas\app\documentos\redes\1068\68faed7dddbba_whatsapp_image_2025_10_23_at_22.57.26.jpeg
[16:32:50] IGNORADO (não existe): F:\wamp64\www\gestaofrotas\GestaoFrotas\app\documentos\redes\1069\68faed95cea6b_captura_de_tela_2025_10_09_080740.png
[16:32:50] IGNORADO (não existe): F:\wamp64\www\gestaofrotas\GestaoFrotas\app\documentos\redes\1070\68faeda3a3121_danfe_000000166.pdf
[16:32:50] IGNORADO (não existe): F:\wamp64\www\gestaofrotas\GestaoFrotas\app\documentos\redes\1071\68faedadf09aa_nfse_000184.pdf
[16:32:50] Conta 979 (frotas) -> pedido 1291
[16:32:50] IGNORADO (não existe): F:\wamp64\www\gestaofrotas\GestaoFrotas\app\documentos\redes\1136\68fb8856960ff_whatsapp_image_2025_10_24_at_09.42.55.jpeg
[16:32:50] IGNORADO (não existe): F:\wamp64\www\gestaofrotas\GestaoFrotas\app\documentos\redes\1137\68fb885d672ff_whatsapp_image_2025_10_24_at_09.42.54_1.jpeg
[16:32:50] IGNORADO (não existe): F:\wamp64\www\gestaofrotas\GestaoFrotas\app\documentos\redes\1138\68fb8864c3965_whatsapp_image_2025_10_24_at_09.42.54.jpeg
[16:32:50] IGNORADO (não existe): F:\wamp64\www\gestaofrotas\GestaoFrotas\app\documentos\redes\1139\68fb886c1b81a_whatsapp_image_2025_10_24_at_09.42.53_1.jpeg
[16:32:50] IGNORADO (não existe): F:\wamp64\www\gestaofrotas\GestaoFrotas\app\documentos\redes\1140\68fb887284dc7_whatsapp_image_2025_10_24_at_09.42.53.jpeg
[16:32:50] IGNORADO (não existe): F:\wamp64\www\gestaofrotas\GestaoFrotas\app\documentos\redes\1141\68fb8879caa2d_whatsapp_image_2025_10_24_at_09.42.52_2.jpeg
[16:32:50] IGNORADO (não existe): F:\wamp64\www\gestaofrotas\GestaoFrotas\app\documentos\redes\1142\68fb887f9dc8d_whatsapp_image_2025_10_24_at_09.42.52_1.jpeg
[16:32:50] IGNORADO (não existe): F:\wamp64\www\gestaofrotas\GestaoFrotas\app\documentos\redes\1143\68fb888850ace_whatsapp_image_2025_10_24_at_09.42.52.jpeg
[16:32:50] IGNORADO (não existe): F:\wamp64\www\gestaofrotas\GestaoFrotas\app\documentos\redes\1144\68fb888e0e967_whatsapp_image_2025_10_24_at_09.42.51_2.jpeg
[16:32:50] IGNORADO (não existe): F:\wamp64\www\gestaofrotas\GestaoFrotas\app\documentos\redes\1145\68fb8893a1958_whatsapp_image_2025_10_24_at_09.42.51_1.jpeg
[16:32:50] IGNORADO (não existe): F:\wamp64\www\gestaofrotas\GestaoFrotas\app\documentos\redes\1146\68fb88ae292ac_captura_de_tela_2025_10_09_080740.png
[16:32:50] IGNORADO (não existe): F:\wamp64\www\gestaofrotas\GestaoFrotas\app\documentos\redes\1147\68fb8a55d026d_nfse_000189.pdf
[16:32:50] IGNORADO (não existe): F:\wamp64\www\gestaofrotas\GestaoFrotas\app\documentos\redes\1148\68fb8a5f995d1_danfe_000000172.pdf
[16:32:50] Conta 1004 (frotas) -> pedido 1290
[16:32:50] IGNORADO (não existe): F:\wamp64\www\gestaofrotas\GestaoFrotas\app\documentos\redes\1249\6901354805836_nf.pdf
[16:32:50] IGNORADO (não existe): F:\wamp64\www\gestaofrotas\GestaoFrotas\app\documentos\redes\1250\690135757635f_1091_concluido.pdf
[16:32:50] IGNORADO (não existe): F:\wamp64\www\gestaofrotas\GestaoFrotas\app\documentos\redes\1251\690135a0d2c38_whatsapp_image_2025_10_28_at_17.40.58.jpeg
[16:32:50] Conta 990 (frotas) -> pedido 1288
[16:32:50] IGNORADO (não existe): F:\wamp64\www\gestaofrotas\GestaoFrotas\app\documentos\redes\1252\6901395871f20_danfe_000000178.pdf
[16:32:50] IGNORADO (não existe): F:\wamp64\www\gestaofrotas\GestaoFrotas\app\documentos\redes\1253\690139659edfb_whatsapp_image_2025_10_28_at_17.42.10.jpeg
[16:32:50] IGNORADO (não existe): F:\wamp64\www\gestaofrotas\GestaoFrotas\app\documentos\redes\1254\6901397236f69_whatsapp_image_2025_10_28_at_17.42.09_2.jpeg
[16:32:50] IGNORADO (não existe): F:\wamp64\www\gestaofrotas\GestaoFrotas\app\documentos\redes\1255\6901397914c08_whatsapp_image_2025_10_28_at_17.42.09_1.jpeg
[16:32:50] IGNORADO (não existe): F:\wamp64\www\gestaofrotas\GestaoFrotas\app\documentos\redes\1256\6901398246e72_whatsapp_image_2025_10_28_at_17.42.09.jpeg
[16:32:50] IGNORADO (não existe): F:\wamp64\www\gestaofrotas\GestaoFrotas\app\documentos\redes\1257\6901398ad50fa_whatsapp_image_2025_10_28_at_17.42.08_1.jpeg
[16:32:50] IGNORADO (não existe): F:\wamp64\www\gestaofrotas\GestaoFrotas\app\documentos\redes\1258\6901399162589_whatsapp_image_2025_10_28_at_17.42.08.jpeg
[16:32:50] Conta 1079 (frotas) -> pedido 1281
[16:32:50] IGNORADO (não existe): F:\wamp64\www\gestaofrotas\GestaoFrotas\app\documentos\redes\1319\69023cf64d1ee_1092_concluido.pdf
[16:32:50] IGNORADO (não existe): F:\wamp64\www\gestaofrotas\GestaoFrotas\app\documentos\redes\1320\69023d112fd94_celta.pdf
[16:32:50] IGNORADO (não existe): F:\wamp64\www\gestaofrotas\GestaoFrotas\app\documentos\redes\1321\69023d52bf085_whatsapp_image_2025_10_28_at_17.15.05.jpeg
[16:32:50] IGNORADO (não existe): F:\wamp64\www\gestaofrotas\GestaoFrotas\app\documentos\redes\1322\69023d5ac4f63_whatsapp_image_2025_10_28_at_17.12.37.jpeg
[16:32:50] IGNORADO (não existe): F:\wamp64\www\gestaofrotas\GestaoFrotas\app\documentos\redes\1323\69023d62c7c04_whatsapp_image_2025_10_28_at_17.11.02.jpeg
[16:32:50] IGNORADO (não existe): F:\wamp64\www\gestaofrotas\GestaoFrotas\app\documentos\redes\1325\69023dd8b674d_whatsapp_image_2025_10_29_at_13.16.07.jpeg
[16:32:50] Conta 914 (frotas) -> pedido 1143
[16:32:50] IGNORADO (não existe): F:\wamp64\www\gestaofrotas\GestaoFrotas\app\documentos\redes\989\68f8e1199a191_imagem_do_whatsapp_de_2025_10_09_as_13.53.47_25e33fae.jpg
[16:32:50] IGNORADO (não existe): F:\wamp64\www\gestaofrotas\GestaoFrotas\app\documentos\redes\990\68f8e142aca78_imagem_do_whatsapp_de_2025_10_09_as_13.51.29_4e70f773.jpg
[16:32:50] IGNORADO (não existe): F:\wamp64\www\gestaofrotas\GestaoFrotas\app\documentos\redes\991\68f8e15485249_imagem_do_whatsapp_de_2025_10_09_as_13.50.26_b732f573.jpg
[16:32:50] IGNORADO (não existe): F:\wamp64\www\gestaofrotas\GestaoFrotas\app\documentos\redes\992\68f8e168063e3_imagem_do_whatsapp_de_2025_10_09_as_13.49.30_c644a72b.jpg
[16:32:50] IGNORADO (não existe): F:\wamp64\www\gestaofrotas\GestaoFrotas\app\documentos\redes\993\68f8e17801c56_imagem_do_whatsapp_de_2025_10_09_as_13.49.30_0f9fb599.jpg
[16:32:50] IGNORADO (não existe): F:\wamp64\www\gestaofrotas\GestaoFrotas\app\documentos\redes\994\68f8e46c5b651_danfe_000006715.pdf
[16:32:50] IGNORADO (não existe): F:\wamp64\www\gestaofrotas\GestaoFrotas\app\documentos\redes\995\68f8e472c51f3_nfse_008468.pdf
[16:32:50] Conta 1007 (frotas) -> pedido 1134
[16:32:50] IGNORADO (não existe): F:\wamp64\www\gestaofrotas\GestaoFrotas\app\documentos\redes\1036\68fa7754856bc_11251027220803000108550010000058811381496966.pdf
[16:32:50] IGNORADO (não existe): F:\wamp64\www\gestaofrotas\GestaoFrotas\app\documentos\redes\1037\68fa776f9cb6d_nfs_e_5648.pdf
[16:32:50] IGNORADO (não existe): F:\wamp64\www\gestaofrotas\GestaoFrotas\app\documentos\redes\1038\68fa77df8a663_whatsapp_image_2025_10_23_at_07.33.57.jpeg
[16:32:50] IGNORADO (não existe): F:\wamp64\www\gestaofrotas\GestaoFrotas\app\documentos\redes\1039\68fa77f7ba75b_whatsapp_image_2025_10_23_at_07.33.58.jpeg
[16:32:50] Conta 1008 (frotas) -> pedido 1059
[16:32:50] IGNORADO (não existe): F:\wamp64\www\gestaofrotas\GestaoFrotas\app\documentos\redes\912\68f792637bc92_nf_servicos.pdf
[16:32:50] IGNORADO (não existe): F:\wamp64\www\gestaofrotas\GestaoFrotas\app\documentos\redes\913\68f79273a4b54_nf_pecas.pdf
[16:32:50] IGNORADO (não existe): F:\wamp64\www\gestaofrotas\GestaoFrotas\app\documentos\redes\914\68f792c5a10ad_f20dc060_e313_4eba_8222_92f1474b6213.jpg
[16:32:50] Conta 930 (frotas) -> pedido 1058
[16:32:50] IGNORADO (não existe): F:\wamp64\www\gestaofrotas\GestaoFrotas\app\documentos\redes\921\68f79f4c1ee7b_nfe386806_1.pdf
[16:32:50] IGNORADO (não existe): F:\wamp64\www\gestaofrotas\GestaoFrotas\app\documentos\redes\922\68f79f539231a_nfe386806_1.xml
[16:32:50] IGNORADO (não existe): F:\wamp64\www\gestaofrotas\GestaoFrotas\app\documentos\redes\923\68f79f5adeebe_img_20251009_wa0212.jpg
[16:32:50] IGNORADO (não existe): F:\wamp64\www\gestaofrotas\GestaoFrotas\app\documentos\redes\924\68f79f61a1eba_img_20251009_wa0215.jpg
[16:32:50] IGNORADO (não existe): F:\wamp64\www\gestaofrotas\GestaoFrotas\app\documentos\redes\925\68f79f6846887_img_20251009_wa0216.jpg
[16:32:50] IGNORADO (não existe): F:\wamp64\www\gestaofrotas\GestaoFrotas\app\documentos\redes\926\68f79f70c6de5_img_20251009_wa0217.jpg
[16:32:50] IGNORADO (não existe): F:\wamp64\www\gestaofrotas\GestaoFrotas\app\documentos\redes\927\68f79f7736a02_img_20251009_wa0218.jpg
[16:32:50] Transação fechada
[16:32:50] EXCEPTION: Nenhum arquivo localizado.
