[08:17:43] Transao aberta
[08:17:43] Conta 12012 (frotas) -> pedido 14998
[08:17:43] IGNORADO (no existe): F:\wamp64\www\gestaofrotas\GestaoFrotas\app\documentos\redes\15480\69cbebd880601_nfse_000175.pdf
[08:17:43] Conta 12013 (frotas) -> pedido 14482
[08:17:43] IGNORADO (no existe): F:\wamp64\www\gestaofrotas\GestaoFrotas\app\documentos\redes\15089\69c526a91eac1_nfs_e_2452_26_03_2026.pdf
[08:17:43] Conta 12014 (frotas) -> pedido 14549
[08:17:43] IGNORADO (no existe): F:\wamp64\www\gestaofrotas\GestaoFrotas\app\documentos\redes\15282\69c7e824270d3_nfs_e_2458_28_03_2026.pdf
[08:17:43] Conta 12015 (frotas) -> pedido 14713
[08:17:43] IGNORADO (no existe): F:\wamp64\www\gestaofrotas\GestaoFrotas\app\documentos\redes\15466\69cbdc2cad0ad_estoque.rnfmod104_31_03_2026_10h34m00s948ms.pdf
[08:17:43] Conta 12019 (frotas) -> pedido 14361
[08:17:43] IGNORADO (no existe): F:\wamp64\www\gestaofrotas\GestaoFrotas\app\documentos\redes\15122\69c5523d10ca8_ev_nfse_hilux_prefeitura.pdf
[08:17:43] Conta 12037 (frotas) -> pedido 14677
[08:17:43] Conta 12016 (frotas) -> pedido 14361
[08:17:43] IGNORADO (no existe): F:\wamp64\www\gestaofrotas\GestaoFrotas\app\documentos\redes\15122\69c5523d10ca8_ev_nfse_hilux_prefeitura.pdf
[08:17:43] Conta 10916 (frotas) -> pedido 5428
[08:17:43] Conta 12047 (frotas) -> pedido 4880
[08:17:43] Conta 10885 (frotas) -> pedido 4875
[08:17:43] IGNORADO (no existe): F:\wamp64\www\gestaofrotas\GestaoFrotas\app\documentos\redes\5649\69961282c3c1c_11260227220803000108550010000064121407760829.pdf
[08:17:43] IGNORADO (no existe): F:\wamp64\www\gestaofrotas\GestaoFrotas\app\documentos\redes\5650\699612a6b1ac7_nfs_e_6161.pdf
[08:17:43] Transao fechada
[08:17:43] EXCEPTION: Nenhum arquivo localizado.
