[08:17:51] Transao aberta
[08:17:51] IGNORADO (no existe): F:\wamp64\www\gestaofrotas\GestaoFrotas\app\documentos\redes\15480\69cbebd880601_nfse_000175.pdf
[08:17:51] IGNORADO (no existe): F:\wamp64\www\gestaofrotas\GestaoFrotas\app\documentos\redes\15512\69cc1267bad40_qtc8d76.jpg
[08:17:51] IGNORADO (no existe): F:\wamp64\www\gestaofrotas\GestaoFrotas\app\documentos\redes\15512\69cc127402016_14998_1.jpg
[08:17:51] IGNORADO (no existe): F:\wamp64\www\gestaofrotas\GestaoFrotas\app\documentos\redes\15512\69cc127419dea_14998_2.jpg
[08:17:51] IGNORADO (no existe): F:\wamp64\www\gestaofrotas\GestaoFrotas\app\documentos\redes\15512\69cc12741e5ac_14998.jpg
[08:17:51] IGNORADO (no existe): F:\wamp64\www\gestaofrotas\GestaoFrotas\app\documentos\redes\15089\69c526a91eac1_nfs_e_2452_26_03_2026.pdf
[08:17:51] IGNORADO (no existe): F:\wamp64\www\gestaofrotas\GestaoFrotas\app\documentos\redes\15124\69c5536f3ce6a_whatsapp_image_2026_03_26_at_11.32.10.jpeg
[08:17:51] IGNORADO (no existe): F:\wamp64\www\gestaofrotas\GestaoFrotas\app\documentos\redes\15124\69c5536f40956_whatsapp_image_2026_03_26_at_11.32.09_1.jpeg
[08:17:51] IGNORADO (no existe): F:\wamp64\www\gestaofrotas\GestaoFrotas\app\documentos\redes\15124\69c5536f495d8_whatsapp_image_2026_03_26_at_11.32.09.jpeg
[08:17:51] IGNORADO (no existe): F:\wamp64\www\gestaofrotas\GestaoFrotas\app\documentos\redes\15282\69c7e824270d3_nfs_e_2458_28_03_2026.pdf
[08:17:51] IGNORADO (no existe): F:\wamp64\www\gestaofrotas\GestaoFrotas\app\documentos\redes\15280\69c7d6f0c3eb2_314826.fiscal.rnfce_danfe_28_03_2026_09h07m48s323ms.pdf
[08:17:51] IGNORADO (no existe): F:\wamp64\www\gestaofrotas\GestaoFrotas\app\documentos\redes\15281\69c7d7557034a_whatsapp_image_2026_03_28_at_09.26.05.jpeg
[08:17:51] IGNORADO (no existe): F:\wamp64\www\gestaofrotas\GestaoFrotas\app\documentos\redes\15466\69cbdc2cad0ad_estoque.rnfmod104_31_03_2026_10h34m00s948ms.pdf
[08:17:51] IGNORADO (no existe): F:\wamp64\www\gestaofrotas\GestaoFrotas\app\documentos\redes\15121\69c55210bb448_whatsapp_image_2026_03_26_at_09.46.58.jpeg
[08:17:51] IGNORADO (no existe): F:\wamp64\www\gestaofrotas\GestaoFrotas\app\documentos\redes\15122\69c5523d10ca8_ev_nfse_hilux_prefeitura.pdf
[08:17:51] IGNORADO (no existe): F:\wamp64\www\gestaofrotas\GestaoFrotas\app\documentos\redes\15123\69c5526bdad97_bal_danferetrato_hilux.pdf
[08:17:51] IGNORADO (no existe): F:\wamp64\www\gestaofrotas\GestaoFrotas\app\documentos\redes\15564\69cc3e97894ca_danfe_000008059.pdf
[08:17:51] IGNORADO (no existe): F:\wamp64\www\gestaofrotas\GestaoFrotas\app\documentos\redes\15576\69cd1eaa2c2d4_whatsapp_image_2026_03_30_at_10.22.24.jpeg
[08:17:51] IGNORADO (no existe): F:\wamp64\www\gestaofrotas\GestaoFrotas\app\documentos\redes\15576\69cd1eaa47695_whatsapp_image_2026_03_30_at_10.22.25.jpeg
[08:17:51] IGNORADO (no existe): F:\wamp64\www\gestaofrotas\GestaoFrotas\app\documentos\redes\15576\69cd1eaa2d974_whatsapp_image_2026_03_30_at_10.22.28.jpeg
[08:17:51] IGNORADO (no existe): F:\wamp64\www\gestaofrotas\GestaoFrotas\app\documentos\redes\15576\69cd1eaa3823a_whatsapp_image_2026_03_30_at_10.22.251.jpeg
[08:17:51] IGNORADO (no existe): F:\wamp64\www\gestaofrotas\GestaoFrotas\app\documentos\redes\15121\69c55210bb448_whatsapp_image_2026_03_26_at_09.46.58.jpeg
[08:17:51] IGNORADO (no existe): F:\wamp64\www\gestaofrotas\GestaoFrotas\app\documentos\redes\15122\69c5523d10ca8_ev_nfse_hilux_prefeitura.pdf
[08:17:51] IGNORADO (no existe): F:\wamp64\www\gestaofrotas\GestaoFrotas\app\documentos\redes\15123\69c5526bdad97_bal_danferetrato_hilux.pdf
[08:17:51] IGNORADO (no existe): F:\wamp64\www\gestaofrotas\GestaoFrotas\app\documentos\redes\5702\69989f1bc5e90_nf.pdf
[08:17:51] IGNORADO (no existe): F:\wamp64\www\gestaofrotas\GestaoFrotas\app\documentos\redes\5703\6998a3b04be9f_1217.pdf
[08:17:51] IGNORADO (no existe): F:\wamp64\www\gestaofrotas\GestaoFrotas\app\documentos\redes\14099\69a19de6b10f0_whatsapp_image_2026_02_27_at_08.35.39.jpeg
[08:17:51] IGNORADO (no existe): F:\wamp64\www\gestaofrotas\GestaoFrotas\app\documentos\redes\14099\69a19de6c1d5e_whatsapp_image_2026_02_27_at_08.35.17.jpeg
[08:17:51] IGNORADO (no existe): F:\wamp64\www\gestaofrotas\GestaoFrotas\app\documentos\redes\14097\69a198c78602e_danfe_000007761.pdf
[08:17:51] IGNORADO (no existe): F:\wamp64\www\gestaofrotas\GestaoFrotas\app\documentos\redes\14097\69a198c763e66_nfse_009644.pdf
[08:17:51] IGNORADO (no existe): F:\wamp64\www\gestaofrotas\GestaoFrotas\app\documentos\redes\14098\69a19989520de_whatsapp_image_2026_02_24_at_10.48.41.jpeg
[08:17:51] IGNORADO (no existe): F:\wamp64\www\gestaofrotas\GestaoFrotas\app\documentos\redes\14098\69a199893eb66_whatsapp_image_2026_02_24_at_10.48.47.jpeg
[08:17:51] IGNORADO (no existe): F:\wamp64\www\gestaofrotas\GestaoFrotas\app\documentos\redes\14098\69a199894948d_whatsapp_image_2026_02_24_at_10.49.51.jpeg
[08:17:51] IGNORADO (no existe): F:\wamp64\www\gestaofrotas\GestaoFrotas\app\documentos\redes\14098\69a19989545a0_whatsapp_image_2026_02_24_at_10.55.21.jpeg
[08:17:51] IGNORADO (no existe): F:\wamp64\www\gestaofrotas\GestaoFrotas\app\documentos\redes\14098\69a199894aef2_whatsapp_image_2026_02_24_at_10.55.48.jpeg
[08:17:51] IGNORADO (no existe): F:\wamp64\www\gestaofrotas\GestaoFrotas\app\documentos\redes\14098\69a19989530cd_whatsapp_image_2026_02_24_at_10.56.14.j
[08:17:51] IGNORADO (no existe): F:\wamp64\www\gestaofrotas\GestaoFrotas\app\documentos\redes\5649\69961282c3c1c_11260227220803000108550010000064121407760829.pdf
[08:17:51] IGNORADO (no existe): F:\wamp64\www\gestaofrotas\GestaoFrotas\app\documentos\redes\5650\699612a6b1ac7_nfs_e_6161.pdf
[08:17:51] IGNORADO (no existe): F:\wamp64\www\gestaofrotas\GestaoFrotas\app\documentos\redes\5651\699612cca29fc_whatsapp_image_2026_02_16_at_14.42.53.jpeg
[08:17:51] IGNORADO (no existe): F:\wamp64\www\gestaofrotas\GestaoFrotas\app\documentos\redes\5651\699612cc9b38c_whatsapp_image_2026_02_16_at_07.50.39.jpeg
[08:17:51] IGNORADO (no existe): F:\wamp64\www\gestaofrotas\GestaoFrotas\app\documentos\redes\5651\699612cc9ded0_whatsapp_image_2026_02_16_at_07.44.09_1.jpeg
[08:17:51] IGNORADO (no existe): F:\wamp64\www\gestaofrotas\GestaoFrotas\app\documentos\redes\5651\699612ccae42e_whatsapp_image_2026_02_16_at_07.44.09.jpeg
[08:17:51] IGNORADO (no existe): F:\wamp64\www\gestaofrotas\GestaoFrotas\app\documentos\redes\5651\699612ccb39ac_whatsapp_image_2026_02_16_at_07.44.08_1.jpeg
[08:17:51] IGNORADO (no existe): F:\wamp64\www\gestaofrotas\GestaoFrotas\app\documentos\redes\5651\699612ccb87ec_whatsapp_image_2026_02_16_at_07.44.08.jpe
[08:17:51] Transao fechada
[08:17:51] EXCEPTION: Nenhum arquivo localizado.
