[17:12:22] Transação aberta
[17:12:22] IGNORADO (não existe): F:\wamp64\www\gestaofrotas\GestaoFrotas\app\documentos\redes\4495\69529971a638f_whatsapp_image_2025_12_23_at_11.12.50.jpeg,app\documentos\redes\4495\69529971a1f70_whatsapp_image_2025_12_23_at_11.12.51_1.jpeg,app\documentos\redes\4495\69529971ab787_whatsapp_image_2025_12_23_at_11.12.51_2.jpeg,app\documentos\redes\4495\69529971b9b52_whatsapp_image_2025_12_23_at_11.12.51.jpeg,app\documentos\redes\4495\6952997ec9d82_checklist.png
[17:12:22] ARQ: F:\wamp64\www\gestaofrotas\GestaoFrotas\app\documentos\redes\4498\6952a67a9b28f_nfse_000253.pdf
[17:12:22] ARQ: F:\wamp64\www\gestaofrotas\GestaoFrotas\app\documentos\redes\4499\6952a66a9882b_danfe_000000237.pdf
[17:12:22] IGNORADO (não existe): F:\wamp64\www\gestaofrotas\GestaoFrotas\app\documentos\redes\4353\69452e7eeab21_5210.jpeg,app\documentos\redes\4353\69452e7f000f0_66666.jpeg,app\documentos\redes\4353\69452e7f0ac45_5222.jpeg,app\documentos\redes\4353\69452e7f021a9_11.54..jpeg,app\documentos\redes\4353\69452e7f06584_whatsapp_image_2025_12_18_at_11.54.27.jpeg
[17:12:22] ARQ: F:\wamp64\www\gestaofrotas\GestaoFrotas\app\documentos\redes\4503\6952ab4e0eab4_nfse_000254.pdf
[17:12:22] ARQ: F:\wamp64\www\gestaofrotas\GestaoFrotas\app\documentos\redes\4504\6952ab6576680_danfe_000000238.pdf
[17:12:22] IGNORADO (não existe): F:\wamp64\www\gestaofrotas\GestaoFrotas\app\documentos\redes\4356\694532463ea0a_whatsapp_image_2025_12_18_at_09.00.25_1.jpeg,app\documentos\redes\4356\694532464048c_whatsapp_image_2025_12_18_at_09.00.25.jpeg,app\documentos\redes\4356\6945324644532_whatsapp_image_2025_12_18_at_09.00.26_1.jpeg,app\documentos\redes\4356\694532464a081_whatsapp_image_2025_12_18_at_09.00.26_2.jpeg,app\documentos\redes\4356\6945324652923_whatsapp_image_2025_12_18_at_09.00.26.jpeg,app\documentos\redes\4356\69453246510a4_whatsapp_image_2025_12_18_at_09.00.27_1
[17:12:22] ARQ: F:\wamp64\www\gestaofrotas\GestaoFrotas\app\documentos\redes\4357\6945352c8720f_danfe_000000217.pdf
[17:12:22] ARQ: F:\wamp64\www\gestaofrotas\GestaoFrotas\app\documentos\redes\4358\6945354e03035_nfse_000235.pdf
[17:12:22] ARQ: F:\wamp64\www\gestaofrotas\GestaoFrotas\app\documentos\redes\4500\6952a7ecd71b3_danfe_000000233.pdf
[17:12:22] ARQ: F:\wamp64\www\gestaofrotas\GestaoFrotas\app\documentos\redes\4501\6952a7ffedf75_nfse_000251.pdf
[17:12:22] IGNORADO (não existe): F:\wamp64\www\gestaofrotas\GestaoFrotas\app\documentos\redes\4502\6952a88624a1f_45.jpeg,app\documentos\redes\4502\6952a8863fcbc_whatsapp_image_2025_12_29_at_12.11.43.jpeg,app\documentos\redes\4502\6952a88636ece_whatsapp_image_2025_12_29_at_12.11.42.jpeg,app\documentos\redes\4502\6952a88f7b4cd_checklist.png
[17:12:22] ARQ: F:\wamp64\www\gestaofrotas\GestaoFrotas\app\documentos\redes\4508\6952ae27a2fb2_whatsapp_image_2025_12_29_at_12.29.16.jpeg
[17:12:22] IGNORADO (não existe): F:\wamp64\www\gestaofrotas\GestaoFrotas\app\documentos\redes\4354\6945302226d34_whatsapp_image_2025_12_18_at_12.21.29.jpeg,app\documentos\redes\4354\6945302238dec_whatsapp_image_2025_12_18_at_12.21.28.jpeg,app\documentos\redes\4354\694530223c693_whatsapp_image_2025_12_18_at_12.21.27.jpeg,app\documentos\redes\4354\69453022355db_whatsapp_image_2025_12_18_at_12.21.26.jpeg,app\documentos\redes\4354\6945302249190_whatsapp_image_2025_12_18_at_12.21.25.jpeg,app\documentos\redes\4354\6945302241d6c_whatsapp_image_2025_12_18_at_12.21.24.jpeg,ap
[17:12:22] ARQ: F:\wamp64\www\gestaofrotas\GestaoFrotas\app\documentos\redes\4355\6945306f2c0f2_checklist.png
[17:12:22] ARQ: F:\wamp64\www\gestaofrotas\GestaoFrotas\app\documentos\redes\4376\69457cded7f97_nfse_000240.pdf
[17:12:22] ARQ: F:\wamp64\www\gestaofrotas\GestaoFrotas\app\documentos\redes\4377\69457cf36d102_danfe_000000221.pdf
[17:12:22] IGNORADO (não existe): F:\wamp64\www\gestaofrotas\GestaoFrotas\app\documentos\redes\4216\693c34a73240a_imagem_do_whatsapp_de_2025_12_11_as_12.12.10_7f4e6ac8.jpg,app\documentos\redes\4216\693c34a74ecc0_imagem_do_whatsapp_de_2025_12_11_as_12.11.35_032dcaa5.jpg,app\documentos\redes\4216\693c34a742c65_imagem_do_whatsapp_de_2025_12_11_as_12.12.47_56c946de.jpg,app\documentos\redes\4216\693c34a7313f6_imagem_do_whatsapp_de_2025_12_11_as_12.51.01_06d2781f.jpg,app\documentos\redes\4216\693c34a7337cc_imagem_do_whatsapp_de_2025_12_11_as_12.51.42_9d65ba9a.jpg,app\docume
[17:12:22] ARQ: F:\wamp64\www\gestaofrotas\GestaoFrotas\app\documentos\redes\4260\69403c5c64ec3_danfe_000000214.pdf
[17:12:22] ARQ: F:\wamp64\www\gestaofrotas\GestaoFrotas\app\documentos\redes\4209\693c0f30a8a05_whatsapp_image_2025_12_12_at_08.47.31_1.jpeg
[17:12:22] ARQ: F:\wamp64\www\gestaofrotas\GestaoFrotas\app\documentos\redes\4210\693c0f39470e0_nf.pdf
[17:12:22] IGNORADO (não existe): F:\wamp64\www\gestaofrotas\GestaoFrotas\app\documentos\redes\4214\693c1ed2da5d9_whatsapp_image_2025_12_12_at_09.52.25_2.jpeg,app\documentos\redes\4214\693c1ed2f20bd_whatsapp_image_2025_12_12_at_09.52.25_1.jpeg,app\documentos\redes\4214\693c1ed3050b0_whatsapp_image_2025_12_12_at_09.52.25.jpeg
[17:12:22] IGNORADO (não existe): F:\wamp64\www\gestaofrotas\GestaoFrotas\app\documentos\redes\4378\69457fd1af5c6_whatsapp_image_2025_12_19_at_12.31.09_1.jpeg,app\documentos\redes\4378\69457fd1b95a2_whatsapp_image_2025_12_19_at_12.31.09.jpeg,app\documentos\redes\4378\69457fd1bc8b1_whatsapp_image_2025_12_19_at_12.31.10_1.jpeg,app\documentos\redes\4378\69457fd1bac3f_whatsapp_image_2025_12_19_at_12.31.10_2.jpeg,app\documentos\redes\4378\69457fd1bf02b_whatsapp_image_2025_12_19_at_12.31.10.jpeg,app\documentos\redes\4378\69457fd1c0904_whatsapp_image_2025_12_19_at_12.31.11_1
[17:12:22] ARQ: F:\wamp64\www\gestaofrotas\GestaoFrotas\app\documentos\redes\4379\694581ee4cb7d_danfe_000000222.pdf
[17:12:22] ARQ: F:\wamp64\www\gestaofrotas\GestaoFrotas\app\documentos\redes\4380\694581ff075d5_nfse_000241.pdf
[17:12:22] ARQ: F:\wamp64\www\gestaofrotas\GestaoFrotas\app\documentos\redes\4161\6939cef67ef7a_nfse_000002.pdf
[17:12:22] ARQ: F:\wamp64\www\gestaofrotas\GestaoFrotas\app\documentos\redes\4168\6939d2c91354f_danfe_000000002.pdf
[17:12:22] ARQ: F:\wamp64\www\gestaofrotas\GestaoFrotas\app\documentos\redes\4169\6939d3077d965_checklist.jpeg
[17:12:22] IGNORADO (não existe): F:\wamp64\www\gestaofrotas\GestaoFrotas\app\documentos\redes\4176\6939d755936c7_whatsapp_image_2025_12_10_at_16.24.36.jpeg,app\documentos\redes\4176\6939d75596e55_whatsapp_video_2025_12_10_at_16.24.36.mp4
[17:12:22] IGNORADO (não existe): F:\wamp64\www\gestaofrotas\GestaoFrotas\app\documentos\redes\4360\69455010b6696_whatsapp_image_2025_12_19_at_08.57.42_2.jpeg,app\documentos\redes\4360\69455010bcfd5_whatsapp_image_2025_12_19_at_08.57.42.jpeg,app\documentos\redes\4360\69455010ceda3_whatsapp_image_2025_12_19_at_08.57.44_1.jpeg
[17:12:22] ARQ: F:\wamp64\www\gestaofrotas\GestaoFrotas\app\documentos\redes\4361\694550351e20d_nfse_000236.pdf
[17:12:22] ARQ: F:\wamp64\www\gestaofrotas\GestaoFrotas\app\documentos\redes\4362\694550658a513_danfe_000000218.pdf
[17:12:22] ARQ: F:\wamp64\www\gestaofrotas\GestaoFrotas\app\documentos\redes\4509\6952afbac9637_nfse_000256.pdf
[17:12:22] ARQ: F:\wamp64\www\gestaofrotas\GestaoFrotas\app\documentos\redes\4510\6952afd7d78a4_danfe_000000240.pdf
[17:12:22] IGNORADO (não existe): F:\wamp64\www\gestaofrotas\GestaoFrotas\app\documentos\redes\4511\6952b05983c3e_8.jpeg,app\documentos\redes\4511\6952b05987dcf_2.jpeg,app\documentos\redes\4511\6952b0599815e_whatsapp_image_2025_12_19_at_10.41.37.jpeg,app\documentos\redes\4511\6952b059a6b3d_1.jpeg,app\documentos\redes\4511\6952b059b4d69_whatsapp_image_2025_12_19_at_10.41.36.jpeg,app\documentos\redes\4511\6952b060db3c7_checklist.png
[17:12:22] ARQ: F:\wamp64\www\gestaofrotas\GestaoFrotas\app\documentos\redes\4505\6952aca2ebbc8_nfse_000255.pdf
[17:12:22] ARQ: F:\wamp64\www\gestaofrotas\GestaoFrotas\app\documentos\redes\4506\6952acb600a20_danfe_000000239.pdf
[17:12:22] IGNORADO (não existe): F:\wamp64\www\gestaofrotas\GestaoFrotas\app\documentos\redes\4507\6952adc23b8eb_whatsapp_image_2025_12_29_at_12.32.41_1.jpeg,app\documentos\redes\4507\6952adc21b260_whatsapp_image_2025_12_29_at_12.32.41.jpeg,app\documentos\redes\4507\6952adc1d7df3_whatsapp_image_2025_12_29_at_12.32.42_1.jpeg,app\documentos\redes\4507\6952adc1d5d1b_whatsapp_image_2025_12_29_at_12.32.42.jpeg,app\documentos\redes\4507\6952adc1d70da_whatsapp_image_2025_12_29_at_12.32.43_1.jpeg,app\documentos\redes\4507\6952adc1d9a8d_whatsapp_image_2025_12_29_at_12.32.43.j
[17:12:22] IGNORADO (não existe): F:\wamp64\www\gestaofrotas\GestaoFrotas\app\documentos\redes\4368\69455b9b5d9ba_whatsapp_image_2025_12_19_at_10.04.08.jpeg,app\documentos\redes\4368\69455b9b6bfd2_whatsapp_image_2025_12_19_at_10.04.09.jpeg,app\documentos\redes\4368\69455b9b6b17e_whatsapp_image_2025_12_19_at_10.04.10_1.jpeg,app\documentos\redes\4368\69455b9b778c9_whatsapp_image_2025_12_19_at_10.04.10_2.jpeg,app\documentos\redes\4368\69455b9b72348_whatsapp_image_2025_12_19_at_10.04.10.jpeg,app\documentos\redes\4368\69455b9b6a426_whatsapp_image_2025_12_19_at_10.04.11.jpe
[17:12:22] ARQ: F:\wamp64\www\gestaofrotas\GestaoFrotas\app\documentos\redes\4369\69455d7d4f9af_danfe_000000220.pdf
[17:12:22] ARQ: F:\wamp64\www\gestaofrotas\GestaoFrotas\app\documentos\redes\4370\69455d9331240_nfse_000239.pdf
[17:12:22] ARQ: F:\wamp64\www\gestaofrotas\GestaoFrotas\app\documentos\redes\4444\694a96cd89c9c_11251227220803000108550010000061551440269260.pdf
[17:12:22] ARQ: F:\wamp64\www\gestaofrotas\GestaoFrotas\app\documentos\redes\4445\694a96f0b28a9_nfs_e_5919_23_12_2025.pdf
[17:12:22] ARQ: F:\wamp64\www\gestaofrotas\GestaoFrotas\app\documentos\redes\4446\694a975a68f8b_whatsapp_image_2025_12_20_at_08.21.51.jpeg
[17:12:22] ARQ: F:\wamp64\www\gestaofrotas\GestaoFrotas\app\documentos\redes\4447\694a977887289_whatsapp_image_2025_12_20_at_08.21.52.jpeg
[17:12:22] ARQ: F:\wamp64\www\gestaofrotas\GestaoFrotas\app\documentos\redes\4448\694a9791d5635_whatsapp_image_2025_12_20_at_08.21.52_1.jpeg
[17:12:22] ARQ: F:\wamp64\www\gestaofrotas\GestaoFrotas\app\documentos\redes\4449\694a97a416e02_whatsapp_image_2025_12_20_at_10.10.27.jpeg
[17:12:22] ARQ: F:\wamp64\www\gestaofrotas\GestaoFrotas\app\documentos\redes\4450\694a97bd1cbda_whatsapp_image_2025_12_20_at_10.10.27_1.jpeg
[17:12:22] ARQ: F:\wamp64\www\gestaofrotas\GestaoFrotas\app\documentos\redes\4071\693824539ffdf_whatsapp_image_2025_12_09_at_09.28.25.jpeg
[17:12:22] ARQ: F:\wamp64\www\gestaofrotas\GestaoFrotas\app\documentos\redes\4073\6938246dc7cdd_nf.pdf
[17:12:22] ARQ: F:\wamp64\www\gestaofrotas\GestaoFrotas\app\documentos\redes\3970\6936e953d9192_1151_concluido.pdf
[17:12:22] ARQ: F:\wamp64\www\gestaofrotas\GestaoFrotas\app\documentos\redes\4164\6939d08cd5c45_danfe_000000003.pdf
[17:12:22] ARQ: F:\wamp64\www\gestaofrotas\GestaoFrotas\app\documentos\redes\4165\6939d1735d25d_nfse_000003.pdf
[17:12:22] IGNORADO (não existe): F:\wamp64\www\gestaofrotas\GestaoFrotas\app\documentos\redes\4166\6939d23ac0436_nissan.jpeg,app\documentos\redes\4166\6939d23ae665d_whatsapp_image_2025_12_03_at_09.17.39.jpeg,app\documentos\redes\4166\6939d23b84cb6_whatsapp_video_2025_12_03_at_09.17.37.mp4,app\documentos\redes\4166\6939d23b7c1a3_whatsapp_video_2025_12_03_at_09.17.38.mp4
[17:12:22] ARQ: F:\wamp64\www\gestaofrotas\GestaoFrotas\app\documentos\redes\4167\6939d282962cb_checklist.jpeg
[17:12:22] IGNORADO (não existe): F:\wamp64\www\gestaofrotas\GestaoFrotas\app\documentos\redes\4315\6942d0aa9cfc5_img_20251216_wa0004.jpg,app\documentos\redes\4315\6942d0aaa84c0_img_20251216_wa0005.jpg,app\documentos\redes\4315\6942d0aab904e_img_20251216_wa0006.jpg,app\documentos\redes\4315\6942d0aab5e4a_img_20251216_wa0002.jpg,app\documentos\redes\4315\6942d0aab4daf_img_20251216_wa0003.jpg
[17:12:22] ARQ: F:\wamp64\www\gestaofrotas\GestaoFrotas\app\documentos\redes\4316\6942d20d55341_nfs_prefeitura_ji_parana_867.pdf
[17:12:22] ARQ: F:\wamp64\www\gestaofrotas\GestaoFrotas\app\documentos\redes\3732\6931edb99ee2c_whatsapp_image_2025_12_04_at_14.47.20_2.jpeg
[17:12:22] ARQ: F:\wamp64\www\gestaofrotas\GestaoFrotas\app\documentos\redes\3732\6931edb99ffe4_whatsapp_image_2025_12_04_at_14.47.20_1.jpeg
[17:12:22] ARQ: F:\wamp64\www\gestaofrotas\GestaoFrotas\app\documentos\redes\3732\6931edb99db4f_whatsapp_image_2025_12_04_at_14.47.20.jpeg
[17:12:22] ARQ: F:\wamp64\www\gestaofrotas\GestaoFrotas\app\documentos\redes\3732\6931edb99c1b8_whatsapp_image_2025_12_04_at_14.47.19_1.jpeg
[17:12:22] ARQ: F:\wamp64\www\gestaofrotas\GestaoFrotas\app\documentos\redes\3732\6931edb9a7c1b_whatsapp_image_2025_12_04_at_14.47.19.jpeg
[17:12:22] ARQ: F:\wamp64\www\gestaofrotas\GestaoFrotas\app\documentos\redes\3732\6931edb9a108f_whatsapp_image_2025_12_04_at_14.47.18_2.jpeg
[17:12:22] ARQ: F:\wamp64\www\gestaofrotas\GestaoFrotas\app\documentos\redes\3732\6931edb9ce9b1_whatsapp_image_2025_12_04_at_14.47.18_1.jpeg
[17:12:22] ARQ: F:\wamp64\www\gestaofrotas\GestaoFrotas\app\documentos\redes\3732\6931edb9d0c3d_whatsapp_image_2025_12_04_at_14.47.18.jpeg
[17:12:22] ARQ: F:\wamp64\www\gestaofrotas\GestaoFrotas\app\documentos\redes\3732\6931edb9d433a_whatsapp_image_2025_12_04_at_14.47.17.jpeg
[17:12:22] ARQ: F:\wamp64\www\gestaofrotas\GestaoFrotas\app\documentos\redes\3742\6931edd881bfc_nfhilux.pdf
[17:12:22] ARQ: F:\wamp64\www\gestaofrotas\GestaoFrotas\app\documentos\redes\3744\6931ee29e3957_1150_concluido.pdf
[17:12:22] ARQ: F:\wamp64\www\gestaofrotas\GestaoFrotas\app\documentos\redes\4457\694ac432e086c_nfs_e_1165_23_12_2025.pdf
[17:12:22] ARQ: F:\wamp64\www\gestaofrotas\GestaoFrotas\app\documentos\redes\4458\694ac43d11ef4_os2627.pdf
[17:12:22] ARQ: F:\wamp64\www\gestaofrotas\GestaoFrotas\app\documentos\redes\4459\694ac4c96597f_whatsapp_image_2025_12_23_at_11.24.28.jpeg
[17:12:22] ARQ: F:\wamp64\www\gestaofrotas\GestaoFrotas\app\documentos\redes\4461\694ac7a1bdfcd_whatsapp_image_2025_12_23_at_12.39.12.jpeg
[17:12:22] Transação fechada
[17:12:23] Convertendo imagem -> PDF: F:\wamp64\www\gestaofrotas\GestaoFrotas\app\documentos\redes\4508\6952ae27a2fb2_whatsapp_image_2025_12_29_at_12.29.16.jpeg
[17:12:23] Convertendo imagem -> PDF: F:\wamp64\www\gestaofrotas\GestaoFrotas\app\documentos\redes\4355\6945306f2c0f2_checklist.png
[17:12:24] Convertendo imagem -> PDF: F:\wamp64\www\gestaofrotas\GestaoFrotas\app\documentos\redes\4209\693c0f30a8a05_whatsapp_image_2025_12_12_at_08.47.31_1.jpeg
[17:12:24] Convertendo imagem -> PDF: F:\wamp64\www\gestaofrotas\GestaoFrotas\app\documentos\redes\4169\6939d3077d965_checklist.jpeg
[17:12:24] Convertendo imagem -> PDF: F:\wamp64\www\gestaofrotas\GestaoFrotas\app\documentos\redes\4446\694a975a68f8b_whatsapp_image_2025_12_20_at_08.21.51.jpeg
[17:12:24] Convertendo imagem -> PDF: F:\wamp64\www\gestaofrotas\GestaoFrotas\app\documentos\redes\4447\694a977887289_whatsapp_image_2025_12_20_at_08.21.52.jpeg
[17:12:24] Convertendo imagem -> PDF: F:\wamp64\www\gestaofrotas\GestaoFrotas\app\documentos\redes\4448\694a9791d5635_whatsapp_image_2025_12_20_at_08.21.52_1.jpeg
[17:12:24] Convertendo imagem -> PDF: F:\wamp64\www\gestaofrotas\GestaoFrotas\app\documentos\redes\4449\694a97a416e02_whatsapp_image_2025_12_20_at_10.10.27.jpeg
[17:12:24] Convertendo imagem -> PDF: F:\wamp64\www\gestaofrotas\GestaoFrotas\app\documentos\redes\4450\694a97bd1cbda_whatsapp_image_2025_12_20_at_10.10.27_1.jpeg
[17:12:25] Convertendo imagem -> PDF: F:\wamp64\www\gestaofrotas\GestaoFrotas\app\documentos\redes\4071\693824539ffdf_whatsapp_image_2025_12_09_at_09.28.25.jpeg
[17:12:25] Convertendo imagem -> PDF: F:\wamp64\www\gestaofrotas\GestaoFrotas\app\documentos\redes\4167\6939d282962cb_checklist.jpeg
[17:12:25] Convertendo imagem -> PDF: F:\wamp64\www\gestaofrotas\GestaoFrotas\app\documentos\redes\3732\6931edb99ee2c_whatsapp_image_2025_12_04_at_14.47.20_2.jpeg
[17:12:25] Convertendo imagem -> PDF: F:\wamp64\www\gestaofrotas\GestaoFrotas\app\documentos\redes\3732\6931edb99ffe4_whatsapp_image_2025_12_04_at_14.47.20_1.jpeg
[17:12:25] Convertendo imagem -> PDF: F:\wamp64\www\gestaofrotas\GestaoFrotas\app\documentos\redes\3732\6931edb99db4f_whatsapp_image_2025_12_04_at_14.47.20.jpeg
[17:12:25] Convertendo imagem -> PDF: F:\wamp64\www\gestaofrotas\GestaoFrotas\app\documentos\redes\3732\6931edb99c1b8_whatsapp_image_2025_12_04_at_14.47.19_1.jpeg
[17:12:25] Convertendo imagem -> PDF: F:\wamp64\www\gestaofrotas\GestaoFrotas\app\documentos\redes\3732\6931edb9a7c1b_whatsapp_image_2025_12_04_at_14.47.19.jpeg
[17:12:25] Convertendo imagem -> PDF: F:\wamp64\www\gestaofrotas\GestaoFrotas\app\documentos\redes\3732\6931edb9a108f_whatsapp_image_2025_12_04_at_14.47.18_2.jpeg
[17:12:25] Convertendo imagem -> PDF: F:\wamp64\www\gestaofrotas\GestaoFrotas\app\documentos\redes\3732\6931edb9ce9b1_whatsapp_image_2025_12_04_at_14.47.18_1.jpeg
[17:12:25] Convertendo imagem -> PDF: F:\wamp64\www\gestaofrotas\GestaoFrotas\app\documentos\redes\3732\6931edb9d0c3d_whatsapp_image_2025_12_04_at_14.47.18.jpeg
[17:12:25] Convertendo imagem -> PDF: F:\wamp64\www\gestaofrotas\GestaoFrotas\app\documentos\redes\3732\6931edb9d433a_whatsapp_image_2025_12_04_at_14.47.17.jpeg
[17:12:25] Convertendo imagem -> PDF: F:\wamp64\www\gestaofrotas\GestaoFrotas\app\documentos\redes\4459\694ac4c96597f_whatsapp_image_2025_12_23_at_11.24.28.jpeg
[17:12:26] Convertendo imagem -> PDF: F:\wamp64\www\gestaofrotas\GestaoFrotas\app\documentos\redes\4461\694ac7a1bdfcd_whatsapp_image_2025_12_23_at_12.39.12.jpeg
[17:12:26] Autoload (Composer): F:\wamp64\www\gestaofrotas\GestaoFrotas/vendor/autoload.php
[17:12:31] Abrindo F:\wamp64\www\gestaofrotas\GestaoFrotas\app\documentos\redes\4498\6952a67a9b28f_nfse_000253.pdf -> 1 páginas
[17:12:33] Abrindo F:\wamp64\www\gestaofrotas\GestaoFrotas\app\documentos\redes\4499\6952a66a9882b_danfe_000000237.pdf -> 1 páginas
[17:12:33] Abrindo F:\wamp64\www\gestaofrotas\GestaoFrotas\app\documentos\redes\4503\6952ab4e0eab4_nfse_000254.pdf -> 1 páginas
[17:12:33] Abrindo F:\wamp64\www\gestaofrotas\GestaoFrotas\app\documentos\redes\4504\6952ab6576680_danfe_000000238.pdf -> 1 páginas
[17:12:34] Abrindo F:\wamp64\www\gestaofrotas\GestaoFrotas\app\documentos\redes\4357\6945352c8720f_danfe_000000217.pdf -> 1 páginas
[17:12:34] Abrindo F:\wamp64\www\gestaofrotas\GestaoFrotas\app\documentos\redes\4358\6945354e03035_nfse_000235.pdf -> 1 páginas
[17:12:34] Abrindo F:\wamp64\www\gestaofrotas\GestaoFrotas\app\documentos\redes\4500\6952a7ecd71b3_danfe_000000233.pdf -> 1 páginas
[17:12:35] Abrindo F:\wamp64\www\gestaofrotas\GestaoFrotas\app\documentos\redes\4501\6952a7ffedf75_nfse_000251.pdf -> 1 páginas
[17:12:35] Abrindo F:\wamp64\www\gestaofrotas\GestaoFrotas\app/tmp/conv_695ebe26b7349\6952ae27a2fb2_whatsapp_image_2025_12_29_at_12.29.16.pdf -> 1 páginas
[17:12:35] Abrindo F:\wamp64\www\gestaofrotas\GestaoFrotas\app/tmp/conv_695ebe26b7349\6945306f2c0f2_checklist.pdf -> 1 páginas
[17:12:36] Abrindo F:\wamp64\www\gestaofrotas\GestaoFrotas\app\documentos\redes\4376\69457cded7f97_nfse_000240.pdf -> 1 páginas
[17:12:36] Abrindo F:\wamp64\www\gestaofrotas\GestaoFrotas\app\documentos\redes\4377\69457cf36d102_danfe_000000221.pdf -> 1 páginas
[17:12:36] Abrindo F:\wamp64\www\gestaofrotas\GestaoFrotas\app\documentos\redes\4260\69403c5c64ec3_danfe_000000214.pdf -> 1 páginas
[17:12:37] Abrindo F:\wamp64\www\gestaofrotas\GestaoFrotas\app/tmp/conv_695ebe26b7349\693c0f30a8a05_whatsapp_image_2025_12_12_at_08.47.31_1.pdf -> 1 páginas
[17:12:37] Abrindo F:\wamp64\www\gestaofrotas\GestaoFrotas\app\documentos\redes\4210\693c0f39470e0_nf.pdf -> 1 páginas
[17:12:41] Abrindo F:\wamp64\www\gestaofrotas\GestaoFrotas\app\documentos\redes\4379\694581ee4cb7d_danfe_000000222.pdf -> 1 páginas
[17:12:41] Abrindo F:\wamp64\www\gestaofrotas\GestaoFrotas\app\documentos\redes\4380\694581ff075d5_nfse_000241.pdf -> 1 páginas
[17:12:42] Abrindo F:\wamp64\www\gestaofrotas\GestaoFrotas\app\documentos\redes\4161\6939cef67ef7a_nfse_000002.pdf -> 1 páginas
[17:12:42] Abrindo F:\wamp64\www\gestaofrotas\GestaoFrotas\app\documentos\redes\4168\6939d2c91354f_danfe_000000002.pdf -> 1 páginas
[17:12:43] Abrindo F:\wamp64\www\gestaofrotas\GestaoFrotas\app/tmp/conv_695ebe26b7349\6939d3077d965_checklist.pdf -> 1 páginas
[17:12:43] Abrindo F:\wamp64\www\gestaofrotas\GestaoFrotas\app\documentos\redes\4361\694550351e20d_nfse_000236.pdf -> 1 páginas
[17:12:44] Abrindo F:\wamp64\www\gestaofrotas\GestaoFrotas\app\documentos\redes\4362\694550658a513_danfe_000000218.pdf -> 1 páginas
[17:12:44] Abrindo F:\wamp64\www\gestaofrotas\GestaoFrotas\app\documentos\redes\4509\6952afbac9637_nfse_000256.pdf -> 1 páginas
[17:12:45] Abrindo F:\wamp64\www\gestaofrotas\GestaoFrotas\app\documentos\redes\4510\6952afd7d78a4_danfe_000000240.pdf -> 1 páginas
[17:12:45] Abrindo F:\wamp64\www\gestaofrotas\GestaoFrotas\app\documentos\redes\4505\6952aca2ebbc8_nfse_000255.pdf -> 1 páginas
[17:12:45] Abrindo F:\wamp64\www\gestaofrotas\GestaoFrotas\app\documentos\redes\4506\6952acb600a20_danfe_000000239.pdf -> 1 páginas
[17:12:46] Abrindo F:\wamp64\www\gestaofrotas\GestaoFrotas\app\documentos\redes\4369\69455d7d4f9af_danfe_000000220.pdf -> 1 páginas
[17:12:46] Abrindo F:\wamp64\www\gestaofrotas\GestaoFrotas\app\documentos\redes\4370\69455d9331240_nfse_000239.pdf -> 1 páginas
[17:12:47] Abrindo F:\wamp64\www\gestaofrotas\GestaoFrotas\app\documentos\redes\4444\694a96cd89c9c_11251227220803000108550010000061551440269260.pdf -> 2 páginas
[17:12:47] Abrindo F:\wamp64\www\gestaofrotas\GestaoFrotas\app\documentos\redes\4445\694a96f0b28a9_nfs_e_5919_23_12_2025.pdf -> 1 páginas
[17:12:47] Abrindo F:\wamp64\www\gestaofrotas\GestaoFrotas\app/tmp/conv_695ebe26b7349\694a975a68f8b_whatsapp_image_2025_12_20_at_08.21.51.pdf -> 1 páginas
[17:12:48] Abrindo F:\wamp64\www\gestaofrotas\GestaoFrotas\app/tmp/conv_695ebe26b7349\694a977887289_whatsapp_image_2025_12_20_at_08.21.52.pdf -> 1 páginas
[17:12:48] Abrindo F:\wamp64\www\gestaofrotas\GestaoFrotas\app/tmp/conv_695ebe26b7349\694a9791d5635_whatsapp_image_2025_12_20_at_08.21.52_1.pdf -> 1 páginas
[17:12:48] Abrindo F:\wamp64\www\gestaofrotas\GestaoFrotas\app/tmp/conv_695ebe26b7349\694a97a416e02_whatsapp_image_2025_12_20_at_10.10.27.pdf -> 1 páginas
[17:12:49] Abrindo F:\wamp64\www\gestaofrotas\GestaoFrotas\app/tmp/conv_695ebe26b7349\694a97bd1cbda_whatsapp_image_2025_12_20_at_10.10.27_1.pdf -> 1 páginas
[17:12:49] Abrindo F:\wamp64\www\gestaofrotas\GestaoFrotas\app/tmp/conv_695ebe26b7349\693824539ffdf_whatsapp_image_2025_12_09_at_09.28.25.pdf -> 1 páginas
[17:12:49] Abrindo F:\wamp64\www\gestaofrotas\GestaoFrotas\app\documentos\redes\4073\6938246dc7cdd_nf.pdf -> 1 páginas
[17:12:52] Abrindo F:\wamp64\www\gestaofrotas\GestaoFrotas\app\documentos\redes\3970\6936e953d9192_1151_concluido.pdf -> 1 páginas
[17:12:53] Abrindo F:\wamp64\www\gestaofrotas\GestaoFrotas\app\documentos\redes\4164\6939d08cd5c45_danfe_000000003.pdf -> 1 páginas
[17:12:53] Abrindo F:\wamp64\www\gestaofrotas\GestaoFrotas\app\documentos\redes\4165\6939d1735d25d_nfse_000003.pdf -> 1 páginas
[17:12:53] Abrindo F:\wamp64\www\gestaofrotas\GestaoFrotas\app/tmp/conv_695ebe26b7349\6939d282962cb_checklist.pdf -> 1 páginas
[17:12:53] Abrindo F:\wamp64\www\gestaofrotas\GestaoFrotas\app\documentos\redes\4316\6942d20d55341_nfs_prefeitura_ji_parana_867.pdf -> 1 páginas
[17:12:54] Abrindo F:\wamp64\www\gestaofrotas\GestaoFrotas\app/tmp/conv_695ebe26b7349\6931edb99ee2c_whatsapp_image_2025_12_04_at_14.47.20_2.pdf -> 1 páginas
[17:12:54] Abrindo F:\wamp64\www\gestaofrotas\GestaoFrotas\app/tmp/conv_695ebe26b7349\6931edb99ffe4_whatsapp_image_2025_12_04_at_14.47.20_1.pdf -> 1 páginas
[17:12:54] Abrindo F:\wamp64\www\gestaofrotas\GestaoFrotas\app/tmp/conv_695ebe26b7349\6931edb99db4f_whatsapp_image_2025_12_04_at_14.47.20.pdf -> 1 páginas
[17:12:54] Abrindo F:\wamp64\www\gestaofrotas\GestaoFrotas\app/tmp/conv_695ebe26b7349\6931edb99c1b8_whatsapp_image_2025_12_04_at_14.47.19_1.pdf -> 1 páginas
[17:12:55] Abrindo F:\wamp64\www\gestaofrotas\GestaoFrotas\app/tmp/conv_695ebe26b7349\6931edb9a7c1b_whatsapp_image_2025_12_04_at_14.47.19.pdf -> 1 páginas
[17:12:55] Abrindo F:\wamp64\www\gestaofrotas\GestaoFrotas\app/tmp/conv_695ebe26b7349\6931edb9a108f_whatsapp_image_2025_12_04_at_14.47.18_2.pdf -> 1 páginas
[17:12:55] Abrindo F:\wamp64\www\gestaofrotas\GestaoFrotas\app/tmp/conv_695ebe26b7349\6931edb9ce9b1_whatsapp_image_2025_12_04_at_14.47.18_1.pdf -> 1 páginas
[17:12:56] Abrindo F:\wamp64\www\gestaofrotas\GestaoFrotas\app/tmp/conv_695ebe26b7349\6931edb9d0c3d_whatsapp_image_2025_12_04_at_14.47.18.pdf -> 1 páginas
[17:12:56] Abrindo F:\wamp64\www\gestaofrotas\GestaoFrotas\app/tmp/conv_695ebe26b7349\6931edb9d433a_whatsapp_image_2025_12_04_at_14.47.17.pdf -> 1 páginas
[17:12:56] Abrindo F:\wamp64\www\gestaofrotas\GestaoFrotas\app\documentos\redes\3742\6931edd881bfc_nfhilux.pdf -> 1 páginas
[17:12:59] Abrindo F:\wamp64\www\gestaofrotas\GestaoFrotas\app\documentos\redes\3744\6931ee29e3957_1150_concluido.pdf -> 1 páginas
[17:13:00] Abrindo F:\wamp64\www\gestaofrotas\GestaoFrotas\app\documentos\redes\4457\694ac432e086c_nfs_e_1165_23_12_2025.pdf -> 1 páginas
[17:13:00] Abrindo F:\wamp64\www\gestaofrotas\GestaoFrotas\app\documentos\redes\4458\694ac43d11ef4_os2627.pdf -> 1 páginas
[17:13:06] Abrindo F:\wamp64\www\gestaofrotas\GestaoFrotas\app/tmp/conv_695ebe26b7349\694ac4c96597f_whatsapp_image_2025_12_23_at_11.24.28.pdf -> 1 páginas
[17:13:07] Abrindo F:\wamp64\www\gestaofrotas\GestaoFrotas\app/tmp/conv_695ebe26b7349\694ac7a1bdfcd_whatsapp_image_2025_12_23_at_12.39.12.pdf -> 1 páginas
