[12:54:38] Início onGerarPDFUnico
[12:54:41] Transação aberta
[12:54:41] Conta 591 (frotas) -> propostas via pedido 243
[12:54:45] IGNORADO (arquivo não existe): F:\wamp64\www\gestaofrotas\GestaoFrotas\app\app\documentos\redes\191\68a078224a5e4_nf_46629_np3.pdf
[12:54:45] Conta 595 (frotas) -> propostas via pedido 252
[12:54:45] IGNORADO (arquivo não existe): F:\wamp64\www\gestaofrotas\GestaoFrotas\app\app\documentos\redes\195\68a09d1cc02d9_nf_46634.pdf
[12:54:45] Conta 594 (frotas) -> propostas via pedido 253
[12:54:45] IGNORADO (arquivo não existe): F:\wamp64\www\gestaofrotas\GestaoFrotas\app\app\documentos\redes\194\68a0979ba23e8_nf_46633.pdf
[12:54:45] Conta 592 (frotas) -> propostas via pedido 242
[12:54:45] IGNORADO (arquivo não existe): F:\wamp64\www\gestaofrotas\GestaoFrotas\app\app\documentos\redes\193\68a07c67deb97_nf_46630.pdf
[12:54:45] Conta 589 (frotas) -> propostas via pedido 206
[12:54:45] IGNORADO (arquivo não existe): F:\wamp64\www\gestaofrotas\GestaoFrotas\app\app\documentos\redes\182\689de20d6483f_nfs_202500000000032_np3.pdf
[12:54:45] IGNORADO (arquivo não existe): F:\wamp64\www\gestaofrotas\GestaoFrotas\app\app\documentos\redes\183\689de240dd782_nf_000000035_np3.pdf
[12:54:45] Conta 590 (frotas) -> propostas via pedido 246
[12:54:45] IGNORADO (arquivo não existe): F:\wamp64\www\gestaofrotas\GestaoFrotas\app\app\documentos\redes\186\689e240575989_nf_00000000037.pdf
[12:54:45] IGNORADO (arquivo não existe): F:\wamp64\www\gestaofrotas\GestaoFrotas\app\app\documentos\redes\190\689e2964170d6_nfs_202500000000034.pdf
[12:54:45] Conta 588 (frotas) -> propostas via pedido 194
[12:54:45] IGNORADO (arquivo não existe): F:\wamp64\www\gestaofrotas\GestaoFrotas\app\app\documentos\redes\184\689de2ae31936_nf_000000036_np3.pdf
[12:54:45] Conta 585 (frotas) -> propostas via pedido 228
[12:54:45] IGNORADO (arquivo não existe): F:\wamp64\www\gestaofrotas\GestaoFrotas\app\app\documentos\redes\178\689d0d47e48db_nf_000000034_np3.pdf
[12:54:45] IGNORADO (arquivo não existe): F:\wamp64\www\gestaofrotas\GestaoFrotas\app\app\documentos\redes\179\689d0d9fa880c_nfs_00000000031_np3.pdf
[12:54:45] Conta 584 (frotas) -> propostas via pedido 239
[12:54:45] IGNORADO (arquivo não existe): F:\wamp64\www\gestaofrotas\GestaoFrotas\app\app\documentos\redes\175\689cecd693360_nfe28250805771114000159550010000104921000000993.pdf
[12:54:45] Conta 583 (frotas) -> propostas via pedido 240
[12:54:45] IGNORADO (arquivo não existe): F:\wamp64\www\gestaofrotas\GestaoFrotas\app\app\documentos\redes\176\689cef96dfe4b_nfe28250805771114000159550010000104931000000990.pdf
[12:54:45] IGNORADO (arquivo não existe): F:\wamp64\www\gestaofrotas\GestaoFrotas\app\app\documentos\redes\177\689cefa7741d7_608_np3_seduc.pdf
[12:54:45] Conta 582 (frotas) -> propostas via pedido 241
[12:54:45] IGNORADO (arquivo não existe): F:\wamp64\www\gestaofrotas\GestaoFrotas\app\app\documentos\redes\174\689ce9920b049_nfe28250805771114000159550010000104911000000996.pdf
[12:54:45] Conta 578 (frotas) -> propostas via pedido 245
[12:54:45] IGNORADO (arquivo não existe): F:\wamp64\www\gestaofrotas\GestaoFrotas\app\app\documentos\redes\NOTA 202500128R$187_60QMA1J37.pdf

[12:54:45] IGNORADO (arquivo não existe): F:\wamp64\www\gestaofrotas\GestaoFrotas\app\app\documentos\redes\NP3  NOTA 623 QMA1J37.pdf
[12:54:45] Conta 577 (frotas) -> propostas via pedido 238
[12:54:45] IGNORADO (arquivo não existe): F:\wamp64\www\gestaofrotas\GestaoFrotas\app\app\documentos\redes\167\689b49e59f95f_img_6184.jpeg
[12:54:45] Conta 575 (frotas) -> propostas via pedido 143
[12:54:45] IGNORADO (arquivo não existe): F:\wamp64\www\gestaofrotas\GestaoFrotas\app\app\documentos\redes\164\6899fc5dc74c6_0022706_1_1.pdf
[12:54:45] Conta 573 (frotas) -> propostas via pedido 188
[12:54:45] IGNORADO (arquivo não existe): F:\wamp64\www\gestaofrotas\GestaoFrotas\app\app\documentos\redes\163\689614092ffaa_nf_00046513_np3.pdf
[12:54:45] Conta 572 (frotas) -> propostas via pedido 139
[12:54:45] IGNORADO (arquivo não existe): F:\wamp64\www\gestaofrotas\GestaoFrotas\app\app\documentos\redes\160\689601338eb99_nf_0006507_np3.pdf
[12:54:45] Conta 571 (frotas) -> propostas via pedido 140
[12:54:45] IGNORADO (arquivo não existe): F:\wamp64\www\gestaofrotas\GestaoFrotas\app\app\documentos\redes\161\6896092d066f7_nf_00046508.pdf
[12:54:45] Conta 570 (frotas) -> propostas via pedido 204
[12:54:45] IGNORADO (arquivo não existe): F:\wamp64\www\gestaofrotas\GestaoFrotas\app\app\documentos\redes\159\6895ee62423dc_nf_00046502_np3.pdf
[12:54:45] Conta 569 (frotas) -> propostas via pedido 131
[12:54:45] IGNORADO (arquivo não existe): F:\wamp64\www\gestaofrotas\GestaoFrotas\app\app\documentos\redes\144\6894b4796e66d_0022687_1_1.pdf
[12:54:45] Conta 568 (frotas) -> propostas via pedido 141
[12:54:45] IGNORADO (arquivo não existe): F:\wamp64\www\gestaofrotas\GestaoFrotas\app\app\documentos\redes\133\6894abce628f6_0022685_1_1.pdf
[12:54:45] IGNORADO (arquivo não existe): F:\wamp64\www\gestaofrotas\GestaoFrotas\app\app\documentos\redes\134\6894abe2c119d_nfs_e_202500000000350_nut5_rsag___webiss.pdf
[12:54:45] Conta 518 (frotas) -> propostas via pedido 144
[12:54:45] IGNORADO (arquivo não existe): F:\wamp64\www\gestaofrotas\GestaoFrotas\app\app\documentos\redes\80\68892a38df38b_nf_46368_np3.pdf
[12:54:45] Conta 522 (frotas) -> propostas via pedido 130
[12:54:45] IGNORADO (arquivo não existe): F:\wamp64\www\gestaofrotas\GestaoFrotas\app\app\documentos\redes\88\688a8af8d0808_nfs_e_202500000000035_np3.pdf
[12:54:45] IGNORADO (arquivo não existe): F:\wamp64\www\gestaofrotas\GestaoFrotas\app\app\documentos\redes\89\688a8b3ae1c4d_nf_46383_np3.pdf
[12:54:45] Conta 521 (frotas) -> propostas via pedido 128
[12:54:45] IGNORADO (arquivo não existe): F:\wamp64\www\gestaofrotas\GestaoFrotas\app\app\documentos\redes\86\688a7c01e5d5e_nf_46382_np3.pdf
[12:54:45] IGNORADO (arquivo não existe): F:\wamp64\www\gestaofrotas\GestaoFrotas\app\app\documentos\redes\87\688a7c15ae11c_nfs_e_202500000000034_np3.pdf
[12:54:45] Conta 519 (frotas) -> propostas via pedido 129
[12:54:45] IGNORADO (arquivo não existe): F:\wamp64\www\gestaofrotas\GestaoFrotas\app\app\documentos\redes\78\6887e99293341_nf_46353_np3.pdf
[12:54:45] Conta 520 (frotas) -> propostas via pedido 133
[12:54:45] IGNORADO (arquivo não existe): F:\wamp64\www\gestaofrotas\GestaoFrotas\app\app\documentos\redes\77\6887e86c87545_nf_46354_np3.pdf
[12:54:45] Conta 523 (frotas) -> propostas via pedido 137
[12:54:45] IGNORADO (arquivo não existe): F:\wamp64\www\gestaofrotas\GestaoFrotas\app\app\documentos\redes\90\688aa26ef2a0b_nfs_e_202500000000036.pdf
[12:54:45] IGNORADO (arquivo não existe): F:\wamp64\www\gestaofrotas\GestaoFrotas\app\app\documentos\redes\92\688aa4b35181a_nf_46388_np3.pdf
[12:54:45] Conta 505 (frotas) -> propostas via pedido 135
[12:54:45] IGNORADO (arquivo não existe): F:\wamp64\www\gestaofrotas\GestaoFrotas\app\app\documentos\redes\73\6887746ab3a3d_nf_46338.pdf
[12:54:45] Conta 504 (frotas) -> propostas via pedido 122
[12:54:45] IGNORADO (arquivo não existe): F:\wamp64\www\gestaofrotas\GestaoFrotas\app\app\documentos\redes\75\6887cd23cf381_nf_46346.pdf
[12:54:45] IGNORADO (arquivo não existe): F:\wamp64\www\gestaofrotas\GestaoFrotas\app\app\documentos\redes\76\6887cd6be4d4c_nf_servico_202500000000033_np3.pdf
[12:54:45] Transação fechada
[12:54:45] EXCEPTION: Nenhum PDF foi encontrado/válido nas propostas vinculadas.
